[ORM]2019/01/27 11:41:01 register db Ping `default`, Error 1049: Unknown database 'ppgo_api_admin'
2019/01/27 11:41:01.472 [1;34m[I] [asm_amd64.s:1333]  http server Running on http://:8081[0m
[ORM]2019/01/27 11:41:30 register db Ping `default`, Error 1049: Unknown database 'ppgo_api_admin'
2019/01/27 11:41:30.581 [1;34m[I] [asm_amd64.s:1333]  http server Running on http://:8081[0m
2019/01/27 11:41:30.581 [1;35m[C] [asm_amd64.s:1333]  ListenAndServe:  listen tcp :8081: bind: address already in use[0m
[ORM]2019/01/27 11:41:32 register db Ping `default`, Error 1049: Unknown database 'ppgo_api_admin'
2019/01/27 11:41:32.649 [1;34m[I] [asm_amd64.s:1333]  http server Running on http://:8081[0m
2019/01/27 11:41:32.649 [1;35m[C] [asm_amd64.s:1333]  ListenAndServe:  listen tcp :8081: bind: address already in use[0m
apidoc
must have one register DataBase alias named `default`
2019/09/17 18:20:19.785 [1;34m[I][0m [asm_amd64.s:1357]  http server Running on http://:8081
apidoc
[ORM]2019/09/17 18:20:31  -[Queries/default] - [  OK / db.QueryRow /    12.6ms] - [SELECT COUNT(*) FROM `pp_set_group` T0 WHERE T0.`status` = ? ] - `1`
[ORM]2019/09/17 18:20:31  -[Queries/default] - [  OK /    db.Query /     0.3ms] - [SELECT T0.`id`, T0.`group_name`, T0.`detail`, T0.`api_public_ids`, T0.`code_ids`, T0.`env_ids`, T0.`status`, T0.`create_id`, T0.`update_id`, T0.`create_time`, T0.`update_time` FROM `pp_set_group` T0 WHERE T0.`status` = ? ORDER BY T0.`id` DESC LIMIT 1000] - `1`
[ORM]2019/09/17 18:20:31  -[Queries/default] - [  OK /    db.Query /     0.5ms] - [SELECT T0.`id`, T0.`group_name`, T0.`detail`, T0.`api_public_ids`, T0.`code_ids`, T0.`env_ids`, T0.`status`, T0.`create_id`, T0.`update_id`, T0.`create_time`, T0.`update_time` FROM `pp_set_group` T0 WHERE T0.`id` = ? LIMIT 1] - `1`
[ORM]2019/09/17 18:20:31  -[Queries/default] - [  OK /    db.Query /     2.3ms] - [SELECT * FROM pp_api_public WHERE id in(1,2,3)]
[ORM]2019/09/17 18:20:31  -[Queries/default] - [  OK /    db.Query /     3.6ms] - [SELECT id,source_name FROM pp_api_source WHERE group_id=?] - `1`
[ORM]2019/09/17 18:20:31  -[Queries/default] - [  OK /    db.Query /     2.1ms] - [SELECT id,method,api_name FROM pp_api_detail WHERE source_id=? AND status=3] - `4`
[ORM]2019/09/17 18:20:31  -[Queries/default] - [  OK /    db.Query /     0.5ms] - [SELECT id,method,api_name FROM pp_api_detail WHERE source_id=? AND status=3] - `5`
2019/09/17 18:20:31.160 [1;44m[D][0m [server.go:2802]  |            ::1|[97;42m 200 [0m|  24.362503ms|   match|[97;44m GET     [0m /     r:/
2019/09/17 18:20:31.203 [1;44m[D][0m [server.go:2802]  |            ::1|[97;42m 200 [0m|   8.748075ms|   match|[97;44m GET     [0m /static/layui/css/layui.css
2019/09/17 18:20:31.203 [1;44m[D][0m [server.go:2802]  |            ::1|[97;42m 200 [0m|   8.324358ms|   match|[97;44m GET     [0m /static/img/logo_white.png
2019/09/17 18:20:31.204 [1;44m[D][0m [server.go:2802]  |            ::1|[97;42m 200 [0m|   8.765709ms|   match|[97;44m GET     [0m /static/css/apidoc.css
2019/09/17 18:20:31.204 [1;44m[D][0m [server.go:2802]  |            ::1|[97;42m 200 [0m|   8.816401ms|   match|[97;44m GET     [0m /static/img/logo.png
2019/09/17 18:20:31.204 [1;44m[D][0m [server.go:2802]  |            ::1|[97;42m 200 [0m|   9.443676ms|   match|[97;44m GET     [0m /static/font-awesome/css/font-awesome.min.css
2019/09/17 18:20:31.221 [1;44m[D][0m [server.go:2802]  |            ::1|[97;42m 200 [0m|   8.191761ms|   match|[97;44m GET     [0m /static/layui/layui.js
2019/09/17 18:20:31.262 [1;44m[D][0m [server.go:2802]  |            ::1|[97;42m 200 [0m|   1.875519ms|   match|[97;44m GET     [0m /static/layui/lay/modules/element.js
2019/09/17 18:20:31.263 [1;44m[D][0m [server.go:2802]  |            ::1|[97;42m 200 [0m|   8.151934ms|   match|[97;44m GET     [0m /static/font-awesome/fonts/fontawesome-webfont.woff2
2019/09/17 18:20:31.285 [1;44m[D][0m [server.go:2802]  |            ::1|[97;42m 200 [0m|   7.540224ms|   match|[97;44m GET     [0m /static/layui/lay/modules/jquery.js
2019/09/17 18:20:31.317 [1;44m[D][0m [server.go:2802]  |            ::1|[97;42m 200 [0m|    260.385µs|   match|[97;44m GET     [0m /static/layui/lay/modules/layer.js
2019/09/17 18:20:31.341 [1;44m[D][0m [server.go:2802]  |            ::1|[97;42m 200 [0m|    579.317µs|   match|[97;44m GET     [0m /static/layui/css/modules/layer/default/layer.css
2019/09/17 18:20:31.344 [1;44m[D][0m [server.go:2802]  |            ::1|[97;42m 200 [0m|    517.387µs|   match|[97;44m GET     [0m /static/layui/lay/modules/form.js
2019/09/17 18:20:31.376 [1;44m[D][0m [server.go:2802]  |            ::1|[97;43m 404 [0m|    138.075µs| nomatch|[97;44m GET     [0m /favicon.ico
home
login
2019/09/17 18:20:38.939 [1;44m[D][0m [server.go:2802]  |            ::1|[97;42m 200 [0m|   1.107187ms|   match|[97;44m GET     [0m /login   r:/login
2019/09/17 18:20:38.962 [1;44m[D][0m [server.go:2802]  |            ::1|[97;42m 200 [0m|    133.716µs|   match|[97;44m GET     [0m /static/layui/css/layui.css
2019/09/17 18:20:38.965 [1;44m[D][0m [server.go:2802]  |            ::1|[97;42m 200 [0m|   1.106193ms|   match|[97;44m GET     [0m /static/css/login.css
2019/09/17 18:20:38.965 [1;44m[D][0m [server.go:2802]  |            ::1|[97;42m 200 [0m|    377.294µs|   match|[97;44m GET     [0m /static/layui/layui.js
2019/09/17 18:20:38.994 [1;44m[D][0m [server.go:2802]  |            ::1|[97;42m 200 [0m|    7.43404ms|   match|[97;44m GET     [0m /static/img/login-bg.jpg
2019/09/17 18:20:39.109 [1;44m[D][0m [server.go:2802]  |            ::1|[97;43m 404 [0m|    159.918µs| nomatch|[97;44m GET     [0m /static/img/favicon.ico
login
[ORM]2019/09/17 18:20:46  -[Queries/default] - [  OK /    db.Query /     8.0ms] - [SELECT T0.`id`, T0.`login_name`, T0.`real_name`, T0.`password`, T0.`role_ids`, T0.`phone`, T0.`email`, T0.`salt`, T0.`last_login`, T0.`last_ip`, T0.`status`, T0.`create_id`, T0.`update_id`, T0.`create_time`, T0.`update_time` FROM `pp_uc_admin` T0 WHERE T0.`login_name` = ? LIMIT 1] - `admin`
&{1 admin 超级管理员 840fa1e5f049c861c7ed245293afcf8d 0 13888888889 haodaquan2008@163.com kmcB 1515904905 [ 1 0 0 0 1506128438}
[ORM]2019/09/17 18:20:46  -[Queries/default] - [  OK /     db.Exec /    92.0ms] - [UPDATE `pp_uc_admin` SET `login_name` = ?, `real_name` = ?, `password` = ?, `role_ids` = ?, `phone` = ?, `email` = ?, `salt` = ?, `last_login` = ?, `last_ip` = ?, `status` = ?, `create_id` = ?, `update_id` = ?, `create_time` = ?, `update_time` = ? WHERE `id` = ?] - `admin`, `超级管理员`, `840fa1e5f049c861c7ed245293afcf8d`, `0`, `13888888889`, `haodaquan2008@163.com`, `kmcB`, `1568715646`, `[::1]`, `1`, `0`, `0`, `0`, `1506128438`, `1`
home
[ORM]2019/09/17 18:20:46  -[Queries/default] - [  OK / db.QueryRow /     6.8ms] - [SELECT COUNT(*) FROM `pp_uc_auth` T0 WHERE T0.`status` = ? ] - `1`
[ORM]2019/09/17 18:20:46  -[Queries/default] - [  OK /    db.Query /     0.9ms] - [SELECT T0.`id`, T0.`auth_name`, T0.`auth_url`, T0.`user_id`, T0.`pid`, T0.`sort`, T0.`icon`, T0.`is_show`, T0.`status`, T0.`create_id`, T0.`update_id`, T0.`create_time`, T0.`update_time` FROM `pp_uc_auth` T0 WHERE T0.`status` = ? ORDER BY T0.`pid` ASC, T0.`sort` ASC LIMIT 1000] - `1`
2019/09/17 18:20:46.571 [1;44m[D][0m [server.go:2802]  |            ::1|[97;42m 200 [0m|  10.784723ms|   match|[97;44m GET     [0m /home   r:/home
2019/09/17 18:20:46.607 [1;44m[D][0m [server.go:2802]  |            ::1|[97;42m 200 [0m|  12.550303ms|   match|[97;44m GET     [0m /static/css/app.css
2019/09/17 18:20:46.609 [1;44m[D][0m [server.go:2802]  |            ::1|[97;42m 200 [0m|   9.771114ms|   match|[97;44m GET     [0m /static/img/userface.jpg
2019/09/17 18:20:46.625 [1;44m[D][0m [server.go:2802]  |            ::1|[97;42m 200 [0m|    327.623µs|   match|[97;44m GET     [0m /static/js/app.js
2019/09/17 18:20:46.707 [1;44m[D][0m [server.go:2802]  |            ::1|[97;42m 200 [0m|    551.114µs|   match|[97;44m GET     [0m /static/layui/lay/modules/table.js
2019/09/17 18:20:46.712 [1;44m[D][0m [server.go:2802]  |            ::1|[97;42m 200 [0m|      802.7µs|   match|[97;44m GET     [0m /static/layui/lay/modules/laytpl.js
2019/09/17 18:20:46.721 [1;44m[D][0m [server.go:2802]  |            ::1|[97;42m 200 [0m|    373.394µs|   match|[97;44m GET     [0m /static/layui/lay/modules/laypage.js
2019/09/17 18:20:46.735 [1;44m[D][0m [server.go:2802]  |            ::1|[97;42m 200 [0m|    227.919µs|   match|[97;44m GET     [0m /static/js/loader.js
2019/09/17 18:20:46.740 [1;44m[D][0m [server.go:2802]  |            ::1|[97;42m 200 [0m|    369.394µs|   match|[97;44m GET     [0m /static/js/nprogress.js
2019/09/17 18:20:46.744 [1;44m[D][0m [server.go:2802]  |            ::1|[97;42m 200 [0m|    289.389µs|   match|[97;44m GET     [0m /static/css/nprogress.css
2019/09/17 18:20:46.749 [1;44m[D][0m [server.go:2802]  |            ::1|[97;42m 200 [0m|     234.89µs|   match|[97;44m GET     [0m /static/js/tab.js
2019/09/17 18:20:46.753 [1;44m[D][0m [server.go:2802]  |            ::1|[97;42m 200 [0m|    206.487µs|   match|[97;44m GET     [0m /static/js/navbar.js
2019/09/17 18:20:46.757 [1;44m[D][0m [server.go:2802]  |            ::1|[97;42m 200 [0m|    274.703µs|   match|[97;44m GET     [0m /static/js/message.js
2019/09/17 18:20:46.761 [1;44m[D][0m [server.go:2802]  |            ::1|[97;42m 200 [0m|    175.682µs|   match|[97;44m GET     [0m /static/css/message.css
home
2019/09/17 18:20:46.768 [1;44m[D][0m [server.go:2802]  |            ::1|[97;42m 200 [0m|    903.005µs|   match|[97;44m GET     [0m /home/start   r:/home/start
2019/09/17 18:20:46.783 [1;44m[D][0m [server.go:2802]  |            ::1|[97;42m 200 [0m|    936.965µs|   match|[97;44m GET     [0m /static/layui/font/iconfont.woff
2019/09/17 18:20:46.791 [1;44m[D][0m [server.go:2802]  |            ::1|[97;42m 200 [0m|     170.36µs|   match|[97;44m GET     [0m /static/css/main.css
api
2019/09/17 18:20:48.290 [1;44m[D][0m [server.go:2802]  |            ::1|[97;42m 200 [0m|   3.205097ms|   match|[97;44m GET     [0m /api/list   r:/api/list/*
2019/09/17 18:20:48.310 [1;44m[D][0m [server.go:2802]  |            ::1|[97;42m 200 [0m|   1.043325ms|   match|[97;44m GET     [0m /static/css/api.css
api
[ORM]2019/09/17 18:20:48  -[Queries/default] - [  OK / db.QueryRow /     0.4ms] - [SELECT COUNT(*) FROM `pp_set_group` T0 WHERE T0.`status` = ? ] - `1`
[ORM]2019/09/17 18:20:48  -[Queries/default] - [  OK /    db.Query /     0.8ms] - [SELECT T0.`id`, T0.`group_name`, T0.`detail`, T0.`api_public_ids`, T0.`code_ids`, T0.`env_ids`, T0.`status`, T0.`create_id`, T0.`update_id`, T0.`create_time`, T0.`update_time` FROM `pp_set_group` T0 WHERE T0.`status` = ? ORDER BY T0.`id` DESC LIMIT 1000] - `1`
[ORM]2019/09/17 18:20:48  -[Queries/default] - [  OK / db.QueryRow /     0.4ms] - [SELECT COUNT(*) FROM `pp_api_source` T0 WHERE T0.`status` = ? ] - `1`
[ORM]2019/09/17 18:20:48  -[Queries/default] - [  OK /    db.Query /     0.2ms] - [SELECT T0.`id`, T0.`group_id`, T0.`source_name`, T0.`status`, T0.`create_id`, T0.`audit_id`, T0.`update_id`, T0.`create_time`, T0.`update_time`, T0.`audit_time` FROM `pp_api_source` T0 WHERE T0.`status` = ? ORDER BY T0.`id` DESC LIMIT 1000] - `1`
[ORM]2019/09/17 18:20:48  -[Queries/default] - [  OK / db.QueryRow /     0.2ms] - [SELECT COUNT(*) FROM `pp_api_detail` T0 WHERE T0.`status` IN (?, ?, ?, ?, ?) ] - `0`, `1`, `2`, `3`, `4`
[ORM]2019/09/17 18:20:48  -[Queries/default] - [  OK /    db.Query /     0.4ms] - [SELECT T0.`id`, T0.`source_id`, T0.`method`, T0.`api_name`, T0.`api_url`, T0.`detail`, T0.`status`, T0.`create_id`, T0.`audit_id`, T0.`update_id`, T0.`create_time`, T0.`update_time`, T0.`audit_time` FROM `pp_api_detail` T0 WHERE T0.`status` IN (?, ?, ?, ?, ?) ORDER BY T0.`id` DESC LIMIT 10] - `0`, `1`, `2`, `3`, `4`
apisource
2019/09/17 18:20:51.043 [1;44m[D][0m [server.go:2802]  |            ::1|[97;42m 200 [0m|     1.3781ms|   match|[97;44m GET     [0m /apisource/list   r:/apisource/list/*
2019/09/17 18:20:51.065 [1;44m[D][0m [server.go:2802]  |            ::1|[90;47m 304 [0m|     40.251µs|   match|[97;44m GET     [0m /static/layui/css/layui.css
2019/09/17 18:20:51.067 [1;44m[D][0m [server.go:2802]  |            ::1|[90;47m 304 [0m|     37.636µs|   match|[97;44m GET     [0m /static/font-awesome/css/font-awesome.min.css
2019/09/17 18:20:51.069 [1;44m[D][0m [server.go:2802]  |            ::1|[90;47m 304 [0m|     37.088µs|   match|[97;44m GET     [0m /static/layui/layui.js
2019/09/17 18:20:51.102 [1;44m[D][0m [server.go:2802]  |            ::1|[90;47m 304 [0m|     46.387µs|   match|[97;44m GET     [0m /static/layui/lay/modules/layer.js
2019/09/17 18:20:51.110 [1;44m[D][0m [server.go:2802]  |            ::1|[90;47m 304 [0m|     38.222µs|   match|[97;44m GET     [0m /static/layui/css/modules/layer/default/layer.css
2019/09/17 18:20:51.111 [1;44m[D][0m [server.go:2802]  |            ::1|[90;47m 304 [0m|     65.543µs|   match|[97;44m GET     [0m /static/layui/lay/modules/jquery.js
2019/09/17 18:20:51.127 [1;44m[D][0m [server.go:2802]  |            ::1|[90;47m 304 [0m|     36.204µs|   match|[97;44m GET     [0m /static/layui/lay/modules/form.js
2019/09/17 18:20:51.141 [1;44m[D][0m [server.go:2802]  |            ::1|[90;47m 304 [0m|     51.499µs|   match|[97;44m GET     [0m /static/layui/lay/modules/element.js
apisource
[ORM]2019/09/17 18:20:51  -[Queries/default] - [  OK / db.QueryRow /     0.4ms] - [SELECT COUNT(*) FROM `pp_set_group` T0 WHERE T0.`status` = ? ] - `1`
[ORM]2019/09/17 18:20:51  -[Queries/default] - [  OK /    db.Query /     0.3ms] - [SELECT T0.`id`, T0.`group_name`, T0.`detail`, T0.`api_public_ids`, T0.`code_ids`, T0.`env_ids`, T0.`status`, T0.`create_id`, T0.`update_id`, T0.`create_time`, T0.`update_time` FROM `pp_set_group` T0 WHERE T0.`status` = ? ORDER BY T0.`id` DESC LIMIT 1000] - `1`
[ORM]2019/09/17 18:20:51  -[Queries/default] - [  OK / db.QueryRow /     0.2ms] - [SELECT COUNT(*) FROM `pp_api_source` T0 WHERE T0.`status` = ? ] - `1`
[ORM]2019/09/17 18:20:51  -[Queries/default] - [  OK /    db.Query /     1.5ms] - [SELECT T0.`id`, T0.`group_id`, T0.`source_name`, T0.`status`, T0.`create_id`, T0.`audit_id`, T0.`update_id`, T0.`create_time`, T0.`update_time`, T0.`audit_time` FROM `pp_api_source` T0 WHERE T0.`status` = ? ORDER BY T0.`id` DESC LIMIT 10] - `1`
2019/09/17 18:20:52.870 [1;44m[D][0m [server.go:2802]  |            ::1|[97;42m 200 [0m|    567.535µs|   match|[97;44m GET     [0m /static/layui/css/modules/layer/default/loading-1.gif
2019/09/17 18:20:52.870 [1;44m[D][0m [server.go:2802]  |            ::1|[97;42m 200 [0m|     874.57µs|   match|[97;44m GET     [0m /static/layui/css/modules/layer/default/icon.png
apisource
[ORM]2019/09/17 18:20:52  -[Queries/default] - [  OK / db.QueryRow /     0.5ms] - [SELECT COUNT(*) FROM `pp_set_group` T0 WHERE T0.`status` = ? ] - `1`
[ORM]2019/09/17 18:20:52  -[Queries/default] - [  OK /    db.Query /     0.2ms] - [SELECT T0.`id`, T0.`group_name`, T0.`detail`, T0.`api_public_ids`, T0.`code_ids`, T0.`env_ids`, T0.`status`, T0.`create_id`, T0.`update_id`, T0.`create_time`, T0.`update_time` FROM `pp_set_group` T0 WHERE T0.`status` = ? ORDER BY T0.`id` DESC LIMIT 1000] - `1`
2019/09/17 18:20:52.877 [1;44m[D][0m [server.go:2802]  |            ::1|[97;42m 200 [0m|   4.593457ms|   match|[97;44m GET     [0m /apisource/add   r:/apisource/add/*
apisource
2019/09/17 18:20:54.523 [1;44m[D][0m [server.go:2802]  |            ::1|[97;42m 200 [0m|    932.857µs|   match|[97;44m GET     [0m /apisource/list   r:/apisource/list/*
apisource
[ORM]2019/09/17 18:20:54  -[Queries/default] - [  OK / db.QueryRow /     0.4ms] - [SELECT COUNT(*) FROM `pp_set_group` T0 WHERE T0.`status` = ? ] - `1`
[ORM]2019/09/17 18:20:54  -[Queries/default] - [  OK /    db.Query /     0.2ms] - [SELECT T0.`id`, T0.`group_name`, T0.`detail`, T0.`api_public_ids`, T0.`code_ids`, T0.`env_ids`, T0.`status`, T0.`create_id`, T0.`update_id`, T0.`create_time`, T0.`update_time` FROM `pp_set_group` T0 WHERE T0.`status` = ? ORDER BY T0.`id` DESC LIMIT 1000] - `1`
[ORM]2019/09/17 18:20:54  -[Queries/default] - [  OK / db.QueryRow /     0.1ms] - [SELECT COUNT(*) FROM `pp_api_source` T0 WHERE T0.`status` = ? ] - `1`
[ORM]2019/09/17 18:20:54  -[Queries/default] - [  OK /    db.Query /     0.2ms] - [SELECT T0.`id`, T0.`group_id`, T0.`source_name`, T0.`status`, T0.`create_id`, T0.`audit_id`, T0.`update_id`, T0.`create_time`, T0.`update_time`, T0.`audit_time` FROM `pp_api_source` T0 WHERE T0.`status` = ? ORDER BY T0.`id` DESC LIMIT 10] - `1`
group
2019/09/17 18:20:55.608 [1;44m[D][0m [server.go:2802]  |            ::1|[97;42m 200 [0m|  11.877617ms|   match|[97;44m GET     [0m /group/list   r:/group/list/*
group
[ORM]2019/09/17 18:20:55  -[Queries/default] - [  OK / db.QueryRow /     0.2ms] - [SELECT COUNT(*) FROM `pp_set_group` T0 WHERE T0.`status` = ? ] - `1`
[ORM]2019/09/17 18:20:55  -[Queries/default] - [  OK /    db.Query /     0.8ms] - [SELECT T0.`id`, T0.`group_name`, T0.`detail`, T0.`api_public_ids`, T0.`code_ids`, T0.`env_ids`, T0.`status`, T0.`create_id`, T0.`update_id`, T0.`create_time`, T0.`update_time` FROM `pp_set_group` T0 WHERE T0.`status` = ? ORDER BY T0.`id` DESC LIMIT 10] - `1`
env
2019/09/17 18:20:56.329 [1;44m[D][0m [server.go:2802]  |            ::1|[97;42m 200 [0m|   8.429647ms|   match|[97;44m GET     [0m /env/list   r:/env/list/*
env
[ORM]2019/09/17 18:20:56  -[Queries/default] - [  OK / db.QueryRow /     4.5ms] - [SELECT COUNT(*) FROM `pp_set_env` T0 WHERE T0.`status` = ? ] - `1`
[ORM]2019/09/17 18:20:56  -[Queries/default] - [  OK /    db.Query /     0.5ms] - [SELECT T0.`id`, T0.`env_name`, T0.`env_host`, T0.`detail`, T0.`status`, T0.`create_id`, T0.`update_id`, T0.`create_time`, T0.`update_time` FROM `pp_set_env` T0 WHERE T0.`status` = ? ORDER BY T0.`id` DESC LIMIT 10] - `1`
code
2019/09/17 18:20:57.262 [1;44m[D][0m [server.go:2802]  |            ::1|[97;42m 200 [0m|   8.129873ms|   match|[97;44m GET     [0m /code/list   r:/code/list/*
code
[ORM]2019/09/17 18:20:57  -[Queries/default] - [  OK / db.QueryRow /     6.7ms] - [SELECT COUNT(*) FROM `pp_set_code` T0 WHERE T0.`status` = ? ] - `1`
[ORM]2019/09/17 18:20:57  -[Queries/default] - [  OK /    db.Query /     0.3ms] - [SELECT T0.`id`, T0.`code`, T0.`desc`, T0.`detail`, T0.`status`, T0.`create_id`, T0.`update_id`, T0.`create_time`, T0.`update_time` FROM `pp_set_code` T0 WHERE T0.`status` = ? ORDER BY T0.`id` DESC LIMIT 10] - `1`
apipublic
2019/09/17 18:20:57.816 [1;44m[D][0m [server.go:2802]  |            ::1|[97;42m 200 [0m|   1.497941ms|   match|[97;44m GET     [0m /apipublic/list   r:/apipublic/list/*
apipublic
[ORM]2019/09/17 18:20:58  -[Queries/default] - [  OK / db.QueryRow /     0.6ms] - [SELECT COUNT(*) FROM `pp_api_public` T0 WHERE T0.`status` = ? ] - `1`
[ORM]2019/09/17 18:20:58  -[Queries/default] - [  OK /    db.Query /     3.0ms] - [SELECT T0.`id`, T0.`api_public_name`, T0.`detail`, T0.`sort`, T0.`status`, T0.`create_id`, T0.`update_id`, T0.`create_time`, T0.`update_time` FROM `pp_api_public` T0 WHERE T0.`status` = ? ORDER BY T0.`sort` ASC LIMIT 10] - `1`
template
2019/09/17 18:20:58.328 [1;44m[D][0m [server.go:2802]  |            ::1|[97;42m 200 [0m|   6.505497ms|   match|[97;44m GET     [0m /template/list   r:/template/list/*
template
[ORM]2019/09/17 18:20:58  -[Queries/default] - [  OK / db.QueryRow /     3.2ms] - [SELECT COUNT(*) FROM `pp_set_template` T0 WHERE T0.`status` = ? ] - `1`
[ORM]2019/09/17 18:20:58  -[Queries/default] - [  OK /    db.Query /     0.3ms] - [SELECT T0.`id`, T0.`template_name`, T0.`detail`, T0.`status`, T0.`create_id`, T0.`update_id`, T0.`create_time`, T0.`update_time` FROM `pp_set_template` T0 WHERE T0.`status` = ? ORDER BY T0.`id` DESC LIMIT 10] - `1`
admin
2019/09/17 18:21:00.097 [1;44m[D][0m [server.go:2802]  |            ::1|[97;42m 200 [0m|  10.808851ms|   match|[97;44m GET     [0m /admin/list   r:/admin/list/*
admin
[ORM]2019/09/17 18:21:00  -[Queries/default] - [  OK / db.QueryRow /     1.3ms] - [SELECT COUNT(*) FROM `pp_uc_admin` T0 ]
[ORM]2019/09/17 18:21:00  -[Queries/default] - [  OK /    db.Query /     0.3ms] - [SELECT T0.`id`, T0.`login_name`, T0.`real_name`, T0.`password`, T0.`role_ids`, T0.`phone`, T0.`email`, T0.`salt`, T0.`last_login`, T0.`last_ip`, T0.`status`, T0.`create_id`, T0.`update_id`, T0.`create_time`, T0.`update_time` FROM `pp_uc_admin` T0 ORDER BY T0.`id` DESC LIMIT 10]
role
2019/09/17 18:21:00.822 [1;44m[D][0m [server.go:2802]  |            ::1|[97;42m 200 [0m|   2.699095ms|   match|[97;44m GET     [0m /role/list   r:/role/list/*
role
[ORM]2019/09/17 18:21:00  -[Queries/default] - [  OK / db.QueryRow /     2.0ms] - [SELECT COUNT(*) FROM `pp_uc_role` T0 WHERE T0.`status` = ? ] - `1`
[ORM]2019/09/17 18:21:00  -[Queries/default] - [  OK /    db.Query /     1.0ms] - [SELECT T0.`id`, T0.`role_name`, T0.`detail`, T0.`status`, T0.`create_id`, T0.`update_id`, T0.`create_time`, T0.`update_time` FROM `pp_uc_role` T0 WHERE T0.`status` = ? ORDER BY T0.`id` DESC LIMIT 10] - `1`
admin
[ORM]2019/09/17 18:21:07  -[Queries/default] - [  OK /    db.Query /     0.5ms] - [SELECT T0.`id`, T0.`login_name`, T0.`real_name`, T0.`password`, T0.`role_ids`, T0.`phone`, T0.`email`, T0.`salt`, T0.`last_login`, T0.`last_ip`, T0.`status`, T0.`create_id`, T0.`update_id`, T0.`create_time`, T0.`update_time` FROM `pp_uc_admin` T0 WHERE T0.`id` = ? LIMIT 1] - `4`
[ORM]2019/09/17 18:21:07  -[Queries/default] - [  OK /     db.Exec /   105.7ms] - [UPDATE `pp_uc_admin` SET `login_name` = ?, `real_name` = ?, `password` = ?, `role_ids` = ?, `phone` = ?, `email` = ?, `salt` = ?, `last_login` = ?, `last_ip` = ?, `status` = ?, `create_id` = ?, `update_id` = ?, `create_time` = ?, `update_time` = ? WHERE `id` = ?] - `ceshizhanghao`, `测试姓名`, `fa3fb5825c2e64bc764f29245dd1ec7a`, `2`, `13988009988`, `232@124.com`, `i8Nf`, `0`, ``, `0`, `1`, `0`, `1506047337`, `1568715667`, `4`
admin
2019/09/17 18:21:08.523 [1;44m[D][0m [server.go:2802]  |            ::1|[97;42m 200 [0m|   3.573381ms|   match|[97;44m GET     [0m /admin/list   r:/admin/list/*
2019/09/17 18:21:08.547 [1;44m[D][0m [server.go:2802]  |            ::1|[90;47m 304 [0m|     46.116µs|   match|[97;44m GET     [0m /static/css/main.css
2019/09/17 18:21:08.569 [1;44m[D][0m [server.go:2802]  |            ::1|[90;47m 304 [0m|      44.21µs|   match|[97;44m GET     [0m /static/layui/lay/modules/table.js
2019/09/17 18:21:08.593 [1;44m[D][0m [server.go:2802]  |            ::1|[90;47m 304 [0m|     88.034µs|   match|[97;44m GET     [0m /static/layui/lay/modules/laytpl.js
2019/09/17 18:21:08.602 [1;44m[D][0m [server.go:2802]  |            ::1|[90;47m 304 [0m|     34.686µs|   match|[97;44m GET     [0m /static/layui/lay/modules/laypage.js
admin
[ORM]2019/09/17 18:21:08  -[Queries/default] - [  OK / db.QueryRow /     0.8ms] - [SELECT COUNT(*) FROM `pp_uc_admin` T0 ]
[ORM]2019/09/17 18:21:08  -[Queries/default] - [  OK /    db.Query /     0.9ms] - [SELECT T0.`id`, T0.`login_name`, T0.`real_name`, T0.`password`, T0.`role_ids`, T0.`phone`, T0.`email`, T0.`salt`, T0.`last_login`, T0.`last_ip`, T0.`status`, T0.`create_id`, T0.`update_id`, T0.`create_time`, T0.`update_time` FROM `pp_uc_admin` T0 ORDER BY T0.`id` DESC LIMIT 10]
admin
[ORM]2019/09/17 18:21:10  -[Queries/default] - [  OK /    db.Query /     0.2ms] - [SELECT T0.`id`, T0.`login_name`, T0.`real_name`, T0.`password`, T0.`role_ids`, T0.`phone`, T0.`email`, T0.`salt`, T0.`last_login`, T0.`last_ip`, T0.`status`, T0.`create_id`, T0.`update_id`, T0.`create_time`, T0.`update_time` FROM `pp_uc_admin` T0 WHERE T0.`id` = ? LIMIT 1] - `3`
[ORM]2019/09/17 18:21:10  -[Queries/default] - [  OK /     db.Exec /    35.0ms] - [UPDATE `pp_uc_admin` SET `login_name` = ?, `real_name` = ?, `password` = ?, `role_ids` = ?, `phone` = ?, `email` = ?, `salt` = ?, `last_login` = ?, `last_ip` = ?, `status` = ?, `create_id` = ?, `update_id` = ?, `create_time` = ?, `update_time` = ? WHERE `id` = ?] - `haodaquan`, `郝大全`, `e9fa9187e7497892c237433aee966cc1`, `2,1`, `13811559988`, `hao@123.com`, `6fWE`, `1505960085`, `127.0.0.1`, `0`, `1`, `0`, `1505919245`, `1568715670`, `3`
admin
2019/09/17 18:21:10.819 [1;44m[D][0m [server.go:2802]  |            ::1|[97;42m 200 [0m|    2.05975ms|   match|[97;44m GET     [0m /admin/list   r:/admin/list/*
admin
[ORM]2019/09/17 18:21:10  -[Queries/default] - [  OK / db.QueryRow /     0.2ms] - [SELECT COUNT(*) FROM `pp_uc_admin` T0 ]
[ORM]2019/09/17 18:21:10  -[Queries/default] - [  OK /    db.Query /     0.1ms] - [SELECT T0.`id`, T0.`login_name`, T0.`real_name`, T0.`password`, T0.`role_ids`, T0.`phone`, T0.`email`, T0.`salt`, T0.`last_login`, T0.`last_ip`, T0.`status`, T0.`create_id`, T0.`update_id`, T0.`create_time`, T0.`update_time` FROM `pp_uc_admin` T0 ORDER BY T0.`id` DESC LIMIT 10]
auth
2019/09/17 18:21:15.211 [1;44m[D][0m [server.go:2802]  |            ::1|[97;42m 200 [0m|   2.581046ms|   match|[97;44m GET     [0m /auth/list   r:/auth/list/*
2019/09/17 18:21:15.233 [1;44m[D][0m [server.go:2802]  |            ::1|[97;42m 200 [0m|   1.164344ms|   match|[97;44m GET     [0m /static/zTree3/css/demo.css
2019/09/17 18:21:15.239 [1;44m[D][0m [server.go:2802]  |            ::1|[97;42m 200 [0m|    589.763µs|   match|[97;44m GET     [0m /static/zTree3/css/zTreeStyle/zTreeStyle.css
2019/09/17 18:21:15.241 [1;44m[D][0m [server.go:2802]  |            ::1|[97;42m 200 [0m|   1.994364ms|   match|[97;44m GET     [0m /static/js/jquery.min.js
2019/09/17 18:21:15.243 [1;44m[D][0m [server.go:2802]  |            ::1|[97;42m 200 [0m|    3.48776ms|   match|[97;44m GET     [0m /static/zTree3/js/jquery.ztree.excheck.js
2019/09/17 18:21:15.243 [1;44m[D][0m [server.go:2802]  |            ::1|[97;42m 200 [0m|   3.716826ms|   match|[97;44m GET     [0m /static/zTree3/js/jquery.ztree.core.js
2019/09/17 18:21:15.245 [1;44m[D][0m [server.go:2802]  |            ::1|[97;42m 200 [0m|    429.775µs|   match|[97;44m GET     [0m /static/zTree3/js/jquery.ztree.exedit.js
2019/09/17 18:21:15.248 [1;44m[D][0m [server.go:2802]  |            ::1|[90;47m 304 [0m|     44.995µs|   match|[97;44m GET     [0m /static/layui/css/layui.css
2019/09/17 18:21:15.254 [1;44m[D][0m [server.go:2802]  |            ::1|[90;47m 304 [0m|     34.464µs|   match|[97;44m GET     [0m /static/font-awesome/css/font-awesome.min.css
2019/09/17 18:21:15.254 [1;44m[D][0m [server.go:2802]  |            ::1|[90;47m 304 [0m|     17.553µs|   match|[97;44m GET     [0m /static/layui/layui.js
auth
2019/09/17 18:21:15.300 [1;44m[D][0m [server.go:2802]  |            ::1|[90;47m 304 [0m|     39.494µs|   match|[97;44m GET     [0m /static/layui/lay/modules/form.js
[ORM]2019/09/17 18:21:15  -[Queries/default] - [  OK / db.QueryRow /     1.0ms] - [SELECT COUNT(*) FROM `pp_uc_auth` T0 WHERE T0.`status` = ? ] - `1`
[ORM]2019/09/17 18:21:15  -[Queries/default] - [  OK /    db.Query /     0.4ms] - [SELECT T0.`id`, T0.`auth_name`, T0.`auth_url`, T0.`user_id`, T0.`pid`, T0.`sort`, T0.`icon`, T0.`is_show`, T0.`status`, T0.`create_id`, T0.`update_id`, T0.`create_time`, T0.`update_time` FROM `pp_uc_auth` T0 WHERE T0.`status` = ? ORDER BY T0.`pid` ASC, T0.`sort` ASC LIMIT 1000] - `1`
2019/09/17 18:21:15.314 [1;44m[D][0m [server.go:2802]  |            ::1|[90;47m 304 [0m|     63.563µs|   match|[97;44m GET     [0m /static/layui/lay/modules/layer.js
2019/09/17 18:21:15.333 [1;44m[D][0m [server.go:2802]  |            ::1|[97;42m 200 [0m|    429.374µs|   match|[97;44m GET     [0m /static/zTree3/css/zTreeStyle/img/zTreeStandard.png
2019/09/17 18:21:15.335 [1;44m[D][0m [server.go:2802]  |            ::1|[97;42m 200 [0m|    819.511µs|   match|[97;44m GET     [0m /static/zTree3/css/zTreeStyle/img/line_conn.gif
2019/09/17 18:21:15.351 [1;44m[D][0m [server.go:2802]  |            ::1|[90;47m 304 [0m|     40.134µs|   match|[97;44m GET     [0m /static/layui/css/modules/layer/default/layer.css
2019/09/17 18:21:15.356 [1;44m[D][0m [server.go:2802]  |            ::1|[90;47m 304 [0m|     85.344µs|   match|[97;44m GET     [0m /static/layui/lay/modules/element.js
auth
[ORM]2019/09/17 18:21:18  -[Queries/default] - [  OK /    db.Query /     0.4ms] - [SELECT T0.`id`, T0.`auth_name`, T0.`auth_url`, T0.`user_id`, T0.`pid`, T0.`sort`, T0.`icon`, T0.`is_show`, T0.`status`, T0.`create_id`, T0.`update_id`, T0.`create_time`, T0.`update_time` FROM `pp_uc_auth` T0 WHERE T0.`id` = ? LIMIT 1] - `14`
map[auth_name:删除 auth_url:/auth/ajaxdel icon: id:14 is_show:0 pid:11 sort:3]
auth
[ORM]2019/09/17 18:21:18  -[Queries/default] - [  OK /    db.Query /     0.4ms] - [SELECT T0.`id`, T0.`auth_name`, T0.`auth_url`, T0.`user_id`, T0.`pid`, T0.`sort`, T0.`icon`, T0.`is_show`, T0.`status`, T0.`create_id`, T0.`update_id`, T0.`create_time`, T0.`update_time` FROM `pp_uc_auth` T0 WHERE T0.`id` = ? LIMIT 1] - `12`
map[auth_name:新增 auth_url:/auth/add icon: id:12 is_show:0 pid:11 sort:1]
auth
[ORM]2019/09/17 18:21:23  -[Queries/default] - [  OK /    db.Query /     0.2ms] - [SELECT T0.`id`, T0.`auth_name`, T0.`auth_url`, T0.`user_id`, T0.`pid`, T0.`sort`, T0.`icon`, T0.`is_show`, T0.`status`, T0.`create_id`, T0.`update_id`, T0.`create_time`, T0.`update_time` FROM `pp_uc_auth` T0 WHERE T0.`id` = ? LIMIT 1] - `34`
map[auth_name:新增接口 auth_url:/api/add icon:fa-link id:34 is_show:1 pid:17 sort:1]
auth
[ORM]2019/09/17 18:21:24  -[Queries/default] - [  OK /    db.Query /     0.2ms] - [SELECT T0.`id`, T0.`auth_name`, T0.`auth_url`, T0.`user_id`, T0.`pid`, T0.`sort`, T0.`icon`, T0.`is_show`, T0.`status`, T0.`create_id`, T0.`update_id`, T0.`create_time`, T0.`update_time` FROM `pp_uc_auth` T0 WHERE T0.`id` = ? LIMIT 1] - `17`
map[auth_name:API接口 auth_url:/api/list icon:fa-link id:17 is_show:1 pid:16 sort:1]
user
[ORM]2019/09/17 18:21:26  -[Queries/default] - [  OK /    db.Query /     0.4ms] - [SELECT T0.`id`, T0.`login_name`, T0.`real_name`, T0.`password`, T0.`role_ids`, T0.`phone`, T0.`email`, T0.`salt`, T0.`last_login`, T0.`last_ip`, T0.`status`, T0.`create_id`, T0.`update_id`, T0.`create_time`, T0.`update_time` FROM `pp_uc_admin` T0 WHERE T0.`id` = ? LIMIT 1] - `1`
2019/09/17 18:21:26.010 [1;44m[D][0m [server.go:2802]  |            ::1|[97;42m 200 [0m|   4.926527ms|   match|[97;44m GET     [0m /user/edit   r:/user/edit/*
2019/09/17 18:21:26.043 [1;44m[D][0m [server.go:2802]  |            ::1|[90;47m 304 [0m|     33.832µs|   match|[97;44m GET     [0m /static/layui/lay/modules/jquery.js
api
[ORM]2019/09/17 18:21:37  -[Queries/default] - [  OK /    db.Query /     0.2ms] - [SELECT T0.`id`, T0.`login_name`, T0.`real_name`, T0.`password`, T0.`role_ids`, T0.`phone`, T0.`email`, T0.`salt`, T0.`last_login`, T0.`last_ip`, T0.`status`, T0.`create_id`, T0.`update_id`, T0.`create_time`, T0.`update_time` FROM `pp_uc_admin` T0 WHERE T0.`id` = ? LIMIT 1] - `1`
[ORM]2019/09/17 18:21:37  -[Queries/default] - [  OK / db.QueryRow /     0.2ms] - [SELECT COUNT(*) FROM `pp_set_group` T0 WHERE T0.`status` = ? ] - `1`
[ORM]2019/09/17 18:21:37  -[Queries/default] - [  OK /    db.Query /     0.1ms] - [SELECT T0.`id`, T0.`group_name`, T0.`detail`, T0.`api_public_ids`, T0.`code_ids`, T0.`env_ids`, T0.`status`, T0.`create_id`, T0.`update_id`, T0.`create_time`, T0.`update_time` FROM `pp_set_group` T0 WHERE T0.`status` = ? ORDER BY T0.`id` DESC LIMIT 1000] - `1`
[ORM]2019/09/17 18:21:37  -[Queries/default] - [  OK / db.QueryRow /     0.1ms] - [SELECT COUNT(*) FROM `pp_api_source` T0 WHERE T0.`status` = ? ] - `1`
[ORM]2019/09/17 18:21:37  -[Queries/default] - [  OK /    db.Query /     0.1ms] - [SELECT T0.`id`, T0.`group_id`, T0.`source_name`, T0.`status`, T0.`create_id`, T0.`audit_id`, T0.`update_id`, T0.`create_time`, T0.`update_time`, T0.`audit_time` FROM `pp_api_source` T0 WHERE T0.`status` = ? ORDER BY T0.`id` DESC LIMIT 1000] - `1`
[ORM]2019/09/17 18:21:37  -[Queries/default] - [  OK / db.QueryRow /     0.1ms] - [SELECT COUNT(*) FROM `pp_api_detail` T0 WHERE T0.`status` IN (?, ?, ?, ?, ?) ] - `0`, `1`, `2`, `3`, `4`
2019/09/17 18:21:37.890 [1;44m[D][0m [server.go:2802]  |            ::1|[97;42m 200 [0m|   3.888339ms|   match|[97;44m GET     [0m /static/layui/css/modules/layer/default/loading-2.gif
[ORM]2019/09/17 18:21:37  -[Queries/default] - [  OK /    db.Query /     0.4ms] - [SELECT T0.`id`, T0.`source_id`, T0.`method`, T0.`api_name`, T0.`api_url`, T0.`detail`, T0.`status`, T0.`create_id`, T0.`audit_id`, T0.`update_id`, T0.`create_time`, T0.`update_time`, T0.`audit_time` FROM `pp_api_detail` T0 WHERE T0.`status` IN (?, ?, ?, ?, ?) ORDER BY T0.`id` DESC LIMIT 10 OFFSET 10] - `0`, `1`, `2`, `3`, `4`
api
[ORM]2019/09/17 18:21:45  -[Queries/default] - [  OK /    db.Query /     4.3ms] - [SELECT pp_api_detail.*,a.real_name as create_name,b.real_name as update_name,c.real_name as audit_name FROM pp_api_detail LEFT JOIN pp_uc_admin as a ON pp_api_detail.create_id=a.id  LEFT JOIN pp_uc_admin as b ON pp_api_detail.update_id=b.id  LEFT JOIN pp_uc_admin as c ON pp_api_detail.audit_id=c.id  WHERE pp_api_detail.id=?] - `1`
[ORM]2019/09/17 18:21:45  -[Queries/default] - [  OK / db.QueryRow /     0.1ms] - [SELECT COUNT(*) FROM `pp_set_group` T0 WHERE T0.`status` = ? ] - `1`
[ORM]2019/09/17 18:21:45  -[Queries/default] - [  OK /    db.Query /     0.1ms] - [SELECT T0.`id`, T0.`group_name`, T0.`detail`, T0.`api_public_ids`, T0.`code_ids`, T0.`env_ids`, T0.`status`, T0.`create_id`, T0.`update_id`, T0.`create_time`, T0.`update_time` FROM `pp_set_group` T0 WHERE T0.`status` = ? ORDER BY T0.`id` DESC LIMIT 1000] - `1`
[ORM]2019/09/17 18:21:45  -[Queries/default] - [  OK / db.QueryRow /     0.1ms] - [SELECT COUNT(*) FROM `pp_api_source` T0 WHERE T0.`status` = ? ] - `1`
[ORM]2019/09/17 18:21:45  -[Queries/default] - [  OK /    db.Query /     0.1ms] - [SELECT T0.`id`, T0.`group_id`, T0.`source_name`, T0.`status`, T0.`create_id`, T0.`audit_id`, T0.`update_id`, T0.`create_time`, T0.`update_time`, T0.`audit_time` FROM `pp_api_source` T0 WHERE T0.`status` = ? ORDER BY T0.`id` DESC LIMIT 1000] - `1`
[ORM]2019/09/17 18:21:45  -[Queries/default] - [  OK / db.QueryRow /     1.1ms] - [SELECT COUNT(*) FROM `pp_set_template` T0 WHERE T0.`status` = ? ] - `1`
[ORM]2019/09/17 18:21:45  -[Queries/default] - [  OK /    db.Query /     0.7ms] - [SELECT T0.`id`, T0.`template_name`, T0.`detail`, T0.`status`, T0.`create_id`, T0.`update_id`, T0.`create_time`, T0.`update_time` FROM `pp_set_template` T0 WHERE T0.`status` = ? ORDER BY T0.`id` DESC LIMIT 1000] - `1`
2019/09/17 18:21:45.443 [1;44m[D][0m [server.go:2802]  |            ::1|[97;42m 200 [0m|  10.371914ms|   match|[97;44m GET     [0m /api/edit   r:/api/edit/*
2019/09/17 18:21:45.468 [1;44m[D][0m [server.go:2802]  |            ::1|[97;42m 200 [0m|    890.377µs|   match|[97;44m GET     [0m /static/editor.md/css/editormd.min.css
2019/09/17 18:21:45.474 [1;44m[D][0m [server.go:2802]  |            ::1|[97;42m 200 [0m|    125.775µs|   match|[97;44m GET     [0m /static/js/jquery.min.js
2019/09/17 18:21:45.479 [1;44m[D][0m [server.go:2802]  |            ::1|[97;42m 200 [0m|   3.102122ms|   match|[97;44m GET     [0m /static/editor.md/editormd.js
2019/09/17 18:21:45.479 [1;44m[D][0m [server.go:2802]  |            ::1|[90;47m 304 [0m|   2.785077ms|   match|[97;44m GET     [0m /static/layui/css/layui.css
2019/09/17 18:21:45.482 [1;44m[D][0m [server.go:2802]  |            ::1|[97;42m 200 [0m|    5.74211ms|   match|[97;44m GET     [0m /static/editor.md/lib/marked.min.js
2019/09/17 18:21:45.482 [1;44m[D][0m [server.go:2802]  |            ::1|[97;42m 200 [0m|   4.771239ms|   match|[97;44m GET     [0m /static/editor.md/lib/prettify.min.js
2019/09/17 18:21:45.493 [1;44m[D][0m [server.go:2802]  |            ::1|[90;47m 304 [0m|     48.216µs|   match|[97;44m GET     [0m /static/css/main.css
2019/09/17 18:21:45.500 [1;44m[D][0m [server.go:2802]  |            ::1|[90;47m 304 [0m|     30.845µs|   match|[97;44m GET     [0m /static/css/api.css
2019/09/17 18:21:45.505 [1;44m[D][0m [server.go:2802]  |            ::1|[90;47m 304 [0m|     38.711µs|   match|[97;44m GET     [0m /static/font-awesome/css/font-awesome.min.css
2019/09/17 18:21:45.509 [1;44m[D][0m [server.go:2802]  |            ::1|[90;47m 304 [0m|     33.553µs|   match|[97;44m GET     [0m /static/layui/layui.js
2019/09/17 18:21:45.515 [1;44m[D][0m [server.go:2802]  |            ::1|[97;42m 200 [0m|   3.381274ms|   match|[97;44m GET     [0m /static/editor.md/lib/raphael.min.js
2019/09/17 18:21:45.519 [1;44m[D][0m [server.go:2802]  |            ::1|[97;42m 200 [0m|    260.254µs|   match|[97;44m GET     [0m /static/editor.md/lib/underscore.min.js
2019/09/17 18:21:45.522 [1;44m[D][0m [server.go:2802]  |            ::1|[97;42m 200 [0m|    927.374µs|   match|[97;44m GET     [0m /static/editor.md/lib/sequence-diagram.min.js
2019/09/17 18:21:45.530 [1;44m[D][0m [server.go:2802]  |            ::1|[97;42m 200 [0m|    533.191µs|   match|[97;44m GET     [0m /static/editor.md/lib/flowchart.min.js
2019/09/17 18:21:45.531 [1;44m[D][0m [server.go:2802]  |            ::1|[97;42m 200 [0m|    617.352µs|   match|[97;44m GET     [0m /static/editor.md/lib/jquery.flowchart.min.js
2019/09/17 18:21:45.548 [1;44m[D][0m [server.go:2802]  |            ::1|[90;47m 304 [0m|     30.652µs|   match|[97;44m GET     [0m /static/layui/lay/modules/form.js
2019/09/17 18:21:45.595 [1;44m[D][0m [server.go:2802]  |            ::1|[97;42m 200 [0m|   3.722165ms|   match|[97;44m GET     [0m /static/editor.md/fonts/fontawesome-webfont.woff2
2019/09/17 18:21:45.607 [1;44m[D][0m [server.go:2802]  |            ::1|[97;42m 200 [0m|    837.808µs|   match|[97;44m GET     [0m /static/editor.md/lib/codemirror/codemirror.min.css
2019/09/17 18:21:45.607 [1;44m[D][0m [server.go:2802]  |            ::1|[97;42m 200 [0m|    446.878µs|   match|[97;44m GET     [0m /static/editor.md/lib/codemirror/addon/dialog/dialog.css
2019/09/17 18:21:45.610 [1;44m[D][0m [server.go:2802]  |            ::1|[97;42m 200 [0m|     288.81µs|   match|[97;44m GET     [0m /static/editor.md/lib/codemirror/addon/search/matchesonscrollbar.css
2019/09/17 18:21:45.615 [1;44m[D][0m [server.go:2802]  |            ::1|[97;42m 200 [0m|    2.95851ms|   match|[97;44m GET     [0m /static/editor.md/lib/codemirror/codemirror.min.js
2019/09/17 18:21:45.615 [1;44m[D][0m [server.go:2802]  |            ::1|[97;42m 200 [0m|   2.874292ms|   match|[97;44m GET     [0m /static/editor.md/images/loading.gif
2019/09/17 18:21:45.630 [1;44m[D][0m [server.go:2802]  |            ::1|[90;47m 304 [0m|     31.736µs|   match|[97;44m GET     [0m /static/layui/lay/modules/layer.js
2019/09/17 18:21:45.637 [1;44m[D][0m [server.go:2802]  |            ::1|[90;47m 304 [0m|     34.639µs|   match|[97;44m GET     [0m /static/layui/css/modules/layer/default/layer.css
2019/09/17 18:21:45.655 [1;44m[D][0m [server.go:2802]  |            ::1|[90;47m 304 [0m|     37.939µs|   match|[97;44m GET     [0m /static/layui/lay/modules/element.js
2019/09/17 18:21:45.663 [1;44m[D][0m [server.go:2802]  |            ::1|[97;42m 200 [0m|   1.431681ms|   match|[97;44m GET     [0m /static/editor.md/lib/codemirror/modes.min.js
2019/09/17 18:21:45.667 [1;44m[D][0m [server.go:2802]  |            ::1|[90;47m 304 [0m|     30.086µs|   match|[97;44m GET     [0m /static/layui/lay/modules/table.js
2019/09/17 18:21:45.671 [1;44m[D][0m [server.go:2802]  |            ::1|[90;47m 304 [0m|     31.133µs|   match|[97;44m GET     [0m /static/layui/lay/modules/laytpl.js
2019/09/17 18:21:45.676 [1;44m[D][0m [server.go:2802]  |            ::1|[90;47m 304 [0m|     34.447µs|   match|[97;44m GET     [0m /static/layui/lay/modules/laypage.js
2019/09/17 18:21:45.697 [1;44m[D][0m [server.go:2802]  |            ::1|[97;42m 200 [0m|    1.59243ms|   match|[97;44m GET     [0m /static/editor.md/lib/codemirror/addons.min.js
apidoc
[ORM]2019/09/17 18:22:02  -[Queries/default] - [  OK / db.QueryRow /     0.2ms] - [SELECT COUNT(*) FROM `pp_set_group` T0 WHERE T0.`status` = ? ] - `1`
[ORM]2019/09/17 18:22:02  -[Queries/default] - [  OK /    db.Query /     0.2ms] - [SELECT T0.`id`, T0.`group_name`, T0.`detail`, T0.`api_public_ids`, T0.`code_ids`, T0.`env_ids`, T0.`status`, T0.`create_id`, T0.`update_id`, T0.`create_time`, T0.`update_time` FROM `pp_set_group` T0 WHERE T0.`status` = ? ORDER BY T0.`id` DESC LIMIT 1000] - `1`
[ORM]2019/09/17 18:22:02  -[Queries/default] - [  OK /    db.Query /     0.2ms] - [SELECT T0.`id`, T0.`group_name`, T0.`detail`, T0.`api_public_ids`, T0.`code_ids`, T0.`env_ids`, T0.`status`, T0.`create_id`, T0.`update_id`, T0.`create_time`, T0.`update_time` FROM `pp_set_group` T0 WHERE T0.`id` = ? LIMIT 1] - `1`
[ORM]2019/09/17 18:22:02  -[Queries/default] - [  OK /    db.Query /     0.2ms] - [SELECT * FROM pp_api_public WHERE id in(1,2,3)]
[ORM]2019/09/17 18:22:02  -[Queries/default] - [  OK /    db.Query /     0.2ms] - [SELECT id,source_name FROM pp_api_source WHERE group_id=?] - `1`
[ORM]2019/09/17 18:22:02  -[Queries/default] - [  OK /    db.Query /     0.1ms] - [SELECT id,method,api_name FROM pp_api_detail WHERE source_id=? AND status=3] - `4`
[ORM]2019/09/17 18:22:02  -[Queries/default] - [  OK /    db.Query /     0.1ms] - [SELECT id,method,api_name FROM pp_api_detail WHERE source_id=? AND status=3] - `5`
2019/09/17 18:22:02.035 [1;44m[D][0m [server.go:2802]  |            ::1|[97;42m 200 [0m|   4.165234ms|   match|[97;44m GET     [0m /     r:/
2019/09/17 18:22:02.066 [1;44m[D][0m [server.go:2802]  |            ::1|[97;42m 200 [0m|     45.491µs|   match|[97;44m GET     [0m /static/css/apidoc.css
2019/09/17 18:22:02.069 [1;44m[D][0m [server.go:2802]  |            ::1|[90;47m 304 [0m|     35.896µs|   match|[97;44m GET     [0m /static/img/logo.png
2019/09/17 18:22:02.075 [1;44m[D][0m [server.go:2802]  |            ::1|[90;47m 304 [0m|     27.907µs|   match|[97;44m GET     [0m /static/img/logo_white.png
2019/09/17 18:22:02.117 [1;44m[D][0m [server.go:2802]  |            ::1|[90;47m 304 [0m|     27.132µs|   match|[97;44m GET     [0m /static/font-awesome/fonts/fontawesome-webfont.woff2
2019/09/17 18:22:02.142 [1;44m[D][0m [server.go:2802]  |            ::1|[90;47m 304 [0m|     34.879µs|   match|[97;44m GET     [0m /static/layui/lay/modules/jquery.js
apidoc
[ORM]2019/09/17 18:22:05  -[Queries/default] - [  OK /    db.Query /     1.6ms] - [SELECT T0.`id`, T0.`api_public_name`, T0.`detail`, T0.`sort`, T0.`status`, T0.`create_id`, T0.`update_id`, T0.`create_time`, T0.`update_time` FROM `pp_api_public` T0 WHERE T0.`id` = ? AND T0.`status` = ? LIMIT 1] - `1`, `1`
2019/09/17 18:22:05.030 [1;44m[D][0m [server.go:2802]  |            ::1|[97;42m 200 [0m|   3.496573ms|   match|[97;44m GET     [0m /apidoc/public   r:/apidoc/public/*
apidoc
[ORM]2019/09/17 18:22:05  -[Queries/default] - [  OK /    db.Query /     0.2ms] - [SELECT T0.`id`, T0.`api_public_name`, T0.`detail`, T0.`sort`, T0.`status`, T0.`create_id`, T0.`update_id`, T0.`create_time`, T0.`update_time` FROM `pp_api_public` T0 WHERE T0.`id` = ? AND T0.`status` = ? LIMIT 1] - `2`, `1`
2019/09/17 18:22:05.890 [1;44m[D][0m [server.go:2802]  |            ::1|[97;42m 200 [0m|   2.252598ms|   match|[97;44m GET     [0m /apidoc/public   r:/apidoc/public/*
apidoc
[ORM]2019/09/17 18:22:08  -[Queries/default] - [  OK /    db.Query /     0.4ms] - [SELECT T0.`id`, T0.`api_public_name`, T0.`detail`, T0.`sort`, T0.`status`, T0.`create_id`, T0.`update_id`, T0.`create_time`, T0.`update_time` FROM `pp_api_public` T0 WHERE T0.`id` = ? AND T0.`status` = ? LIMIT 1] - `3`, `1`
2019/09/17 18:22:08.177 [1;44m[D][0m [server.go:2802]  |            ::1|[97;42m 200 [0m|   1.169008ms|   match|[97;44m GET     [0m /apidoc/public   r:/apidoc/public/*
apidoc
[ORM]2019/09/17 18:22:09  -[Queries/default] - [  OK /    db.Query /     0.3ms] - [SELECT T0.`id`, T0.`group_name`, T0.`detail`, T0.`api_public_ids`, T0.`code_ids`, T0.`env_ids`, T0.`status`, T0.`create_id`, T0.`update_id`, T0.`create_time`, T0.`update_time` FROM `pp_set_group` T0 WHERE T0.`id` = ? LIMIT 1] - `1`
[ORM]2019/09/17 18:22:09  -[Queries/default] - [  OK /    db.Query /     2.0ms] - [SELECT * FROM pp_set_env WHERE id in(1,3)]
2019/09/17 18:22:09.360 [1;44m[D][0m [server.go:2802]  |            ::1|[97;42m 200 [0m|    3.18696ms|   match|[97;44m GET     [0m /apidoc/env   r:/apidoc/env/*
apidoc
[ORM]2019/09/17 18:22:09  -[Queries/default] - [  OK /    db.Query /     0.4ms] - [SELECT T0.`id`, T0.`group_name`, T0.`detail`, T0.`api_public_ids`, T0.`code_ids`, T0.`env_ids`, T0.`status`, T0.`create_id`, T0.`update_id`, T0.`create_time`, T0.`update_time` FROM `pp_set_group` T0 WHERE T0.`id` = ? LIMIT 1] - `1`
[ORM]2019/09/17 18:22:09  -[Queries/default] - [  OK /    db.Query /     0.4ms] - [SELECT * FROM pp_set_code WHERE id in(1,2)]
2019/09/17 18:22:09.866 [1;44m[D][0m [server.go:2802]  |            ::1|[97;42m 200 [0m|   1.794473ms|   match|[97;44m GET     [0m /apidoc/code   r:/apidoc/code/*
apidoc
[ORM]2019/09/17 18:22:10  -[Queries/default] - [  OK /    db.Query /     0.3ms] - [SELECT T0.`id`, T0.`group_name`, T0.`detail`, T0.`api_public_ids`, T0.`code_ids`, T0.`env_ids`, T0.`status`, T0.`create_id`, T0.`update_id`, T0.`create_time`, T0.`update_time` FROM `pp_set_group` T0 WHERE T0.`id` = ? LIMIT 1] - `1`
[ORM]2019/09/17 18:22:10  -[Queries/default] - [  OK /    db.Query /     0.2ms] - [SELECT * FROM pp_set_env WHERE id in(1,3)]
2019/09/17 18:22:10.444 [1;44m[D][0m [server.go:2802]  |            ::1|[97;42m 200 [0m|   1.486903ms|   match|[97;44m GET     [0m /apidoc/env   r:/apidoc/env/*
apidoc
[ORM]2019/09/17 18:22:11  -[Queries/default] - [  OK /    db.Query /     0.5ms] - [SELECT T0.`id`, T0.`group_name`, T0.`detail`, T0.`api_public_ids`, T0.`code_ids`, T0.`env_ids`, T0.`status`, T0.`create_id`, T0.`update_id`, T0.`create_time`, T0.`update_time` FROM `pp_set_group` T0 WHERE T0.`id` = ? LIMIT 1] - `1`
[ORM]2019/09/17 18:22:11  -[Queries/default] - [  OK /    db.Query /     0.6ms] - [SELECT * FROM pp_set_code WHERE id in(1,2)]
2019/09/17 18:22:11.224 [1;44m[D][0m [server.go:2802]  |            ::1|[97;42m 200 [0m|   2.133218ms|   match|[97;44m GET     [0m /apidoc/code   r:/apidoc/code/*
apidoc
[ORM]2019/09/17 18:22:11  -[Queries/default] - [  OK /    db.Query /     0.6ms] - [SELECT pp_api_detail.*,a.real_name as create_name,b.real_name as update_name,c.real_name as audit_name FROM pp_api_detail LEFT JOIN pp_uc_admin as a ON pp_api_detail.create_id=a.id  LEFT JOIN pp_uc_admin as b ON pp_api_detail.update_id=b.id  LEFT JOIN pp_uc_admin as c ON pp_api_detail.audit_id=c.id  WHERE pp_api_detail.id=?] - `5`
2019/09/17 18:22:11.931 [1;44m[D][0m [server.go:2802]  |            ::1|[97;42m 200 [0m|   1.562943ms|   match|[97;44m GET     [0m /apidoc/apidetail   r:/apidoc/apidetail/*
2019/09/17 18:22:11.943 [1;44m[D][0m [server.go:2802]  |            ::1|[90;47m 304 [0m|     29.554µs|   match|[97;44m GET     [0m /static/editor.md/css/editormd.min.css
2019/09/17 18:22:11.943 [1;44m[D][0m [server.go:2802]  |            ::1|[90;47m 304 [0m|     12.331µs|   match|[97;44m GET     [0m /static/js/jquery.min.js
2019/09/17 18:22:11.943 [1;44m[D][0m [server.go:2802]  |            ::1|[90;47m 304 [0m|     10.308µs|   match|[97;44m GET     [0m /static/css/api.css
2019/09/17 18:22:11.950 [1;44m[D][0m [server.go:2802]  |            ::1|[90;47m 304 [0m|     26.109µs|   match|[97;44m GET     [0m /static/editor.md/editormd.js
2019/09/17 18:22:11.960 [1;44m[D][0m [server.go:2802]  |            ::1|[90;47m 304 [0m|     32.364µs|   match|[97;44m GET     [0m /static/editor.md/lib/marked.min.js
2019/09/17 18:22:11.964 [1;44m[D][0m [server.go:2802]  |            ::1|[90;47m 304 [0m|     27.885µs|   match|[97;44m GET     [0m /static/editor.md/lib/prettify.min.js
2019/09/17 18:22:11.978 [1;44m[D][0m [server.go:2802]  |            ::1|[90;47m 304 [0m|     25.145µs|   match|[97;44m GET     [0m /static/editor.md/lib/raphael.min.js
2019/09/17 18:22:11.982 [1;44m[D][0m [server.go:2802]  |            ::1|[90;47m 304 [0m|     29.711µs|   match|[97;44m GET     [0m /static/editor.md/lib/underscore.min.js
2019/09/17 18:22:11.986 [1;44m[D][0m [server.go:2802]  |            ::1|[90;47m 304 [0m|     25.723µs|   match|[97;44m GET     [0m /static/editor.md/lib/sequence-diagram.min.js
2019/09/17 18:22:11.991 [1;44m[D][0m [server.go:2802]  |            ::1|[90;47m 304 [0m|      75.18µs|   match|[97;44m GET     [0m /static/editor.md/lib/flowchart.min.js
2019/09/17 18:22:11.995 [1;44m[D][0m [server.go:2802]  |            ::1|[90;47m 304 [0m|     29.837µs|   match|[97;44m GET     [0m /static/editor.md/lib/jquery.flowchart.min.js
2019/09/17 18:22:20.464 [1;44m[D][0m [server.go:2802]  |            ::1|[97;43m 404 [0m|    133.473µs| nomatch|[97;44m GET     [0m //v0/trade
apidoc
[ORM]2019/09/17 18:22:24  -[Queries/default] - [  OK /    db.Query /     0.3ms] - [SELECT pp_api_detail.*,a.real_name as create_name,b.real_name as update_name,c.real_name as audit_name FROM pp_api_detail LEFT JOIN pp_uc_admin as a ON pp_api_detail.create_id=a.id  LEFT JOIN pp_uc_admin as b ON pp_api_detail.update_id=b.id  LEFT JOIN pp_uc_admin as c ON pp_api_detail.audit_id=c.id  WHERE pp_api_detail.id=?] - `11`
2019/09/17 18:22:24.074 [1;44m[D][0m [server.go:2802]  |            ::1|[97;42m 200 [0m|   1.395705ms|   match|[97;44m GET     [0m /apidoc/apidetail   r:/apidoc/apidetail/*
apidoc
[ORM]2019/09/17 18:22:25  -[Queries/default] - [  OK /    db.Query /     1.1ms] - [SELECT pp_api_detail.*,a.real_name as create_name,b.real_name as update_name,c.real_name as audit_name FROM pp_api_detail LEFT JOIN pp_uc_admin as a ON pp_api_detail.create_id=a.id  LEFT JOIN pp_uc_admin as b ON pp_api_detail.update_id=b.id  LEFT JOIN pp_uc_admin as c ON pp_api_detail.audit_id=c.id  WHERE pp_api_detail.id=?] - `6`
2019/09/17 18:22:25.040 [1;44m[D][0m [server.go:2802]  |            ::1|[97;42m 200 [0m|    3.12372ms|   match|[97;44m GET     [0m /apidoc/apidetail   r:/apidoc/apidetail/*
apidoc
[ORM]2019/09/17 18:22:29  -[Queries/default] - [  OK /    db.Query /     0.4ms] - [SELECT T0.`id`, T0.`api_public_name`, T0.`detail`, T0.`sort`, T0.`status`, T0.`create_id`, T0.`update_id`, T0.`create_time`, T0.`update_time` FROM `pp_api_public` T0 WHERE T0.`id` = ? AND T0.`status` = ? LIMIT 1] - `1`, `1`
2019/09/17 18:22:29.680 [1;44m[D][0m [server.go:2802]  |            ::1|[97;42m 200 [0m|   1.878138ms|   match|[97;44m GET     [0m /apidoc/public   r:/apidoc/public/*
home
2019/09/17 18:22:30.450 [1;44m[D][0m [server.go:2802]  |            ::1|[97;42m 200 [0m|   1.217379ms|   match|[97;44m GET     [0m /home   r:/home
2019/09/17 18:22:30.478 [1;44m[D][0m [server.go:2802]  |            ::1|[90;47m 304 [0m|     39.302µs|   match|[97;44m GET     [0m /static/layui/css/layui.css
2019/09/17 18:22:30.478 [1;44m[D][0m [server.go:2802]  |            ::1|[90;47m 304 [0m|     16.324µs|   match|[97;44m GET     [0m /static/img/userface.jpg
2019/09/17 18:22:30.478 [1;44m[D][0m [server.go:2802]  |            ::1|[90;47m 304 [0m|     12.781µs|   match|[97;44m GET     [0m /static/font-awesome/css/font-awesome.min.css
2019/09/17 18:22:30.478 [1;44m[D][0m [server.go:2802]  |            ::1|[90;47m 304 [0m|     11.668µs|   match|[97;44m GET     [0m /static/css/app.css
2019/09/17 18:22:30.485 [1;44m[D][0m [server.go:2802]  |            ::1|[90;47m 304 [0m|     33.732µs|   match|[97;44m GET     [0m /static/layui/layui.js
2019/09/17 18:22:30.497 [1;44m[D][0m [server.go:2802]  |            ::1|[90;47m 304 [0m|     32.438µs|   match|[97;44m GET     [0m /static/js/app.js
2019/09/17 18:22:30.504 [1;44m[D][0m [server.go:2802]  |            ::1|[90;47m 304 [0m|     29.821µs|   match|[97;44m GET     [0m /static/layui/lay/modules/element.js
2019/09/17 18:22:30.526 [1;44m[D][0m [server.go:2802]  |            ::1|[90;47m 304 [0m|     33.858µs|   match|[97;44m GET     [0m /static/layui/lay/modules/jquery.js
2019/09/17 18:22:30.551 [1;44m[D][0m [server.go:2802]  |            ::1|[90;47m 304 [0m|     33.138µs|   match|[97;44m GET     [0m /static/layui/lay/modules/form.js
2019/09/17 18:22:30.559 [1;44m[D][0m [server.go:2802]  |            ::1|[90;47m 304 [0m|     27.542µs|   match|[97;44m GET     [0m /static/layui/lay/modules/layer.js
2019/09/17 18:22:30.563 [1;44m[D][0m [server.go:2802]  |            ::1|[90;47m 304 [0m|     30.983µs|   match|[97;44m GET     [0m /static/layui/css/modules/layer/default/layer.css
2019/09/17 18:22:30.567 [1;44m[D][0m [server.go:2802]  |            ::1|[90;47m 304 [0m|     27.575µs|   match|[97;44m GET     [0m /static/layui/lay/modules/table.js
2019/09/17 18:22:30.573 [1;44m[D][0m [server.go:2802]  |            ::1|[90;47m 304 [0m|     34.076µs|   match|[97;44m GET     [0m /static/layui/lay/modules/laytpl.js
2019/09/17 18:22:30.577 [1;44m[D][0m [server.go:2802]  |            ::1|[90;47m 304 [0m|     29.841µs|   match|[97;44m GET     [0m /static/layui/lay/modules/laypage.js
2019/09/17 18:22:30.587 [1;44m[D][0m [server.go:2802]  |            ::1|[90;47m 304 [0m|     92.808µs|   match|[97;44m GET     [0m /static/js/loader.js
2019/09/17 18:22:30.593 [1;44m[D][0m [server.go:2802]  |            ::1|[90;47m 304 [0m|     23.724µs|   match|[97;44m GET     [0m /static/js/nprogress.js
2019/09/17 18:22:30.598 [1;44m[D][0m [server.go:2802]  |            ::1|[90;47m 304 [0m|      27.96µs|   match|[97;44m GET     [0m /static/css/nprogress.css
2019/09/17 18:22:30.598 [1;44m[D][0m [server.go:2802]  |            ::1|[90;47m 304 [0m|     17.434µs|   match|[97;44m GET     [0m /static/js/tab.js
2019/09/17 18:22:30.604 [1;44m[D][0m [server.go:2802]  |            ::1|[90;47m 304 [0m|     31.181µs|   match|[97;44m GET     [0m /static/js/navbar.js
2019/09/17 18:22:30.610 [1;44m[D][0m [server.go:2802]  |            ::1|[90;47m 304 [0m|     27.012µs|   match|[97;44m GET     [0m /static/js/message.js
2019/09/17 18:22:30.613 [1;44m[D][0m [server.go:2802]  |            ::1|[90;47m 304 [0m|     30.131µs|   match|[97;44m GET     [0m /static/css/message.css
home
2019/09/17 18:22:30.626 [1;44m[D][0m [server.go:2802]  |            ::1|[97;42m 200 [0m|    828.592µs|   match|[97;44m GET     [0m /home/start   r:/home/start
2019/09/17 18:22:30.632 [1;44m[D][0m [server.go:2802]  |            ::1|[90;47m 304 [0m|    119.299µs|   match|[97;44m GET     [0m /static/layui/font/iconfont.woff
2019/09/17 18:22:30.648 [1;44m[D][0m [server.go:2802]  |            ::1|[90;47m 304 [0m|     55.425µs|   match|[97;44m GET     [0m /static/css/main.css
api
2019/09/17 18:22:32.095 [1;44m[D][0m [server.go:2802]  |            ::1|[97;42m 200 [0m|   2.962822ms|   match|[97;44m GET     [0m /api/list   r:/api/list/*
api
[ORM]2019/09/17 18:22:32  -[Queries/default] - [  OK / db.QueryRow /     0.2ms] - [SELECT COUNT(*) FROM `pp_set_group` T0 WHERE T0.`status` = ? ] - `1`
[ORM]2019/09/17 18:22:32  -[Queries/default] - [  OK /    db.Query /     0.1ms] - [SELECT T0.`id`, T0.`group_name`, T0.`detail`, T0.`api_public_ids`, T0.`code_ids`, T0.`env_ids`, T0.`status`, T0.`create_id`, T0.`update_id`, T0.`create_time`, T0.`update_time` FROM `pp_set_group` T0 WHERE T0.`status` = ? ORDER BY T0.`id` DESC LIMIT 1000] - `1`
[ORM]2019/09/17 18:22:32  -[Queries/default] - [  OK / db.QueryRow /     0.1ms] - [SELECT COUNT(*) FROM `pp_api_source` T0 WHERE T0.`status` = ? ] - `1`
[ORM]2019/09/17 18:22:32  -[Queries/default] - [  OK /    db.Query /     0.1ms] - [SELECT T0.`id`, T0.`group_id`, T0.`source_name`, T0.`status`, T0.`create_id`, T0.`audit_id`, T0.`update_id`, T0.`create_time`, T0.`update_time`, T0.`audit_time` FROM `pp_api_source` T0 WHERE T0.`status` = ? ORDER BY T0.`id` DESC LIMIT 1000] - `1`
[ORM]2019/09/17 18:22:32  -[Queries/default] - [  OK / db.QueryRow /     0.1ms] - [SELECT COUNT(*) FROM `pp_api_detail` T0 WHERE T0.`status` IN (?, ?, ?, ?, ?) ] - `0`, `1`, `2`, `3`, `4`
[ORM]2019/09/17 18:22:32  -[Queries/default] - [  OK /    db.Query /     0.1ms] - [SELECT T0.`id`, T0.`source_id`, T0.`method`, T0.`api_name`, T0.`api_url`, T0.`detail`, T0.`status`, T0.`create_id`, T0.`audit_id`, T0.`update_id`, T0.`create_time`, T0.`update_time`, T0.`audit_time` FROM `pp_api_detail` T0 WHERE T0.`status` IN (?, ?, ?, ?, ?) ORDER BY T0.`id` DESC LIMIT 10] - `0`, `1`, `2`, `3`, `4`
apisource
2019/09/17 18:22:32.554 [1;44m[D][0m [server.go:2802]  |            ::1|[97;42m 200 [0m|   1.823649ms|   match|[97;44m GET     [0m /apisource/list   r:/apisource/list/*
apisource
[ORM]2019/09/17 18:22:32  -[Queries/default] - [  OK / db.QueryRow /     0.7ms] - [SELECT COUNT(*) FROM `pp_set_group` T0 WHERE T0.`status` = ? ] - `1`
[ORM]2019/09/17 18:22:32  -[Queries/default] - [  OK /    db.Query /     0.2ms] - [SELECT T0.`id`, T0.`group_name`, T0.`detail`, T0.`api_public_ids`, T0.`code_ids`, T0.`env_ids`, T0.`status`, T0.`create_id`, T0.`update_id`, T0.`create_time`, T0.`update_time` FROM `pp_set_group` T0 WHERE T0.`status` = ? ORDER BY T0.`id` DESC LIMIT 1000] - `1`
[ORM]2019/09/17 18:22:32  -[Queries/default] - [  OK / db.QueryRow /     0.1ms] - [SELECT COUNT(*) FROM `pp_api_source` T0 WHERE T0.`status` = ? ] - `1`
[ORM]2019/09/17 18:22:32  -[Queries/default] - [  OK /    db.Query /     0.7ms] - [SELECT T0.`id`, T0.`group_id`, T0.`source_name`, T0.`status`, T0.`create_id`, T0.`audit_id`, T0.`update_id`, T0.`create_time`, T0.`update_time`, T0.`audit_time` FROM `pp_api_source` T0 WHERE T0.`status` = ? ORDER BY T0.`id` DESC LIMIT 10] - `1`
group
2019/09/17 18:22:35.329 [1;44m[D][0m [server.go:2802]  |            ::1|[97;42m 200 [0m|   2.570902ms|   match|[97;44m GET     [0m /group/list   r:/group/list/*
group
[ORM]2019/09/17 18:22:35  -[Queries/default] - [  OK / db.QueryRow /     0.3ms] - [SELECT COUNT(*) FROM `pp_set_group` T0 WHERE T0.`status` = ? ] - `1`
[ORM]2019/09/17 18:22:35  -[Queries/default] - [  OK /    db.Query /     0.2ms] - [SELECT T0.`id`, T0.`group_name`, T0.`detail`, T0.`api_public_ids`, T0.`code_ids`, T0.`env_ids`, T0.`status`, T0.`create_id`, T0.`update_id`, T0.`create_time`, T0.`update_time` FROM `pp_set_group` T0 WHERE T0.`status` = ? ORDER BY T0.`id` DESC LIMIT 10] - `1`
env
2019/09/17 18:22:36.057 [1;44m[D][0m [server.go:2802]  |            ::1|[97;42m 200 [0m|   1.021021ms|   match|[97;44m GET     [0m /env/list   r:/env/list/*
env
[ORM]2019/09/17 18:22:36  -[Queries/default] - [  OK / db.QueryRow /     0.2ms] - [SELECT COUNT(*) FROM `pp_set_env` T0 WHERE T0.`status` = ? ] - `1`
[ORM]2019/09/17 18:22:36  -[Queries/default] - [  OK /    db.Query /     0.1ms] - [SELECT T0.`id`, T0.`env_name`, T0.`env_host`, T0.`detail`, T0.`status`, T0.`create_id`, T0.`update_id`, T0.`create_time`, T0.`update_time` FROM `pp_set_env` T0 WHERE T0.`status` = ? ORDER BY T0.`id` DESC LIMIT 10] - `1`
code
2019/09/17 18:22:36.637 [1;44m[D][0m [server.go:2802]  |            ::1|[97;42m 200 [0m|   4.087179ms|   match|[97;44m GET     [0m /code/list   r:/code/list/*
code
[ORM]2019/09/17 18:22:36  -[Queries/default] - [  OK / db.QueryRow /     1.2ms] - [SELECT COUNT(*) FROM `pp_set_code` T0 WHERE T0.`status` = ? ] - `1`
[ORM]2019/09/17 18:22:36  -[Queries/default] - [  OK /    db.Query /     0.3ms] - [SELECT T0.`id`, T0.`code`, T0.`desc`, T0.`detail`, T0.`status`, T0.`create_id`, T0.`update_id`, T0.`create_time`, T0.`update_time` FROM `pp_set_code` T0 WHERE T0.`status` = ? ORDER BY T0.`id` DESC LIMIT 10] - `1`
apipublic
2019/09/17 18:22:48.988 [1;44m[D][0m [server.go:2802]  |            ::1|[97;42m 200 [0m|    866.247µs|   match|[97;44m GET     [0m /apipublic/list   r:/apipublic/list/*
apipublic
[ORM]2019/09/17 18:22:49  -[Queries/default] - [  OK / db.QueryRow /     0.3ms] - [SELECT COUNT(*) FROM `pp_api_public` T0 WHERE T0.`status` = ? ] - `1`
[ORM]2019/09/17 18:22:49  -[Queries/default] - [  OK /    db.Query /     0.2ms] - [SELECT T0.`id`, T0.`api_public_name`, T0.`detail`, T0.`sort`, T0.`status`, T0.`create_id`, T0.`update_id`, T0.`create_time`, T0.`update_time` FROM `pp_api_public` T0 WHERE T0.`status` = ? ORDER BY T0.`sort` ASC LIMIT 10] - `1`
template
2019/09/17 18:22:49.944 [1;44m[D][0m [server.go:2802]  |            ::1|[97;42m 200 [0m|   2.203144ms|   match|[97;44m GET     [0m /template/list   r:/template/list/*
template
[ORM]2019/09/17 18:22:50  -[Queries/default] - [  OK / db.QueryRow /     0.5ms] - [SELECT COUNT(*) FROM `pp_set_template` T0 WHERE T0.`status` = ? ] - `1`
[ORM]2019/09/17 18:22:50  -[Queries/default] - [  OK /    db.Query /     0.5ms] - [SELECT T0.`id`, T0.`template_name`, T0.`detail`, T0.`status`, T0.`create_id`, T0.`update_id`, T0.`create_time`, T0.`update_time` FROM `pp_set_template` T0 WHERE T0.`status` = ? ORDER BY T0.`id` DESC LIMIT 10] - `1`
template
[ORM]2019/09/17 18:22:51  -[Queries/default] - [  OK /    db.Query /     1.5ms] - [SELECT T0.`id`, T0.`template_name`, T0.`detail`, T0.`status`, T0.`create_id`, T0.`update_id`, T0.`create_time`, T0.`update_time` FROM `pp_set_template` T0 WHERE T0.`id` = ? AND T0.`status` = ? LIMIT 1] - `1`, `1`
2019/09/17 18:22:51.883 [1;44m[D][0m [server.go:2802]  |            ::1|[97;42m 200 [0m|   4.463073ms|   match|[97;44m GET     [0m /template/edit   r:/template/edit/*
2019/09/17 18:22:51.908 [1;44m[D][0m [server.go:2802]  |            ::1|[90;47m 304 [0m|     54.866µs|   match|[97;44m GET     [0m /static/editor.md/css/editormd.min.css
2019/09/17 18:22:51.918 [1;44m[D][0m [server.go:2802]  |            ::1|[90;47m 304 [0m|     40.044µs|   match|[97;44m GET     [0m /static/js/jquery.min.js
2019/09/17 18:22:51.919 [1;44m[D][0m [server.go:2802]  |            ::1|[90;47m 304 [0m|     26.119µs|   match|[97;44m GET     [0m /static/editor.md/editormd.js
2019/09/17 18:22:51.919 [1;44m[D][0m [server.go:2802]  |            ::1|[90;47m 304 [0m|     17.658µs|   match|[97;44m GET     [0m /static/editor.md/lib/marked.min.js
2019/09/17 18:22:51.919 [1;44m[D][0m [server.go:2802]  |            ::1|[90;47m 304 [0m|     15.761µs|   match|[97;44m GET     [0m /static/editor.md/lib/prettify.min.js
2019/09/17 18:22:51.919 [1;44m[D][0m [server.go:2802]  |            ::1|[90;47m 304 [0m|     14.307µs|   match|[97;44m GET     [0m /static/editor.md/lib/raphael.min.js
2019/09/17 18:22:51.919 [1;44m[D][0m [server.go:2802]  |            ::1|[90;47m 304 [0m|     17.558µs|   match|[97;44m GET     [0m /static/editor.md/lib/underscore.min.js
2019/09/17 18:22:51.930 [1;44m[D][0m [server.go:2802]  |            ::1|[90;47m 304 [0m|      35.21µs|   match|[97;44m GET     [0m /static/editor.md/lib/sequence-diagram.min.js
2019/09/17 18:22:51.932 [1;44m[D][0m [server.go:2802]  |            ::1|[90;47m 304 [0m|     64.457µs|   match|[97;44m GET     [0m /static/editor.md/lib/flowchart.min.js
2019/09/17 18:22:51.934 [1;44m[D][0m [server.go:2802]  |            ::1|[90;47m 304 [0m|     37.766µs|   match|[97;44m GET     [0m /static/editor.md/lib/jquery.flowchart.min.js
2019/09/17 18:22:52.002 [1;44m[D][0m [server.go:2802]  |            ::1|[90;47m 304 [0m|     34.034µs|   match|[97;44m GET     [0m /static/editor.md/fonts/fontawesome-webfont.woff2
2019/09/17 18:22:52.035 [1;44m[D][0m [server.go:2802]  |            ::1|[90;47m 304 [0m|     40.767µs|   match|[97;44m GET     [0m /static/editor.md/lib/codemirror/codemirror.min.css
2019/09/17 18:22:52.044 [1;44m[D][0m [server.go:2802]  |            ::1|[90;47m 304 [0m|     36.434µs|   match|[97;44m GET     [0m /static/editor.md/lib/codemirror/addon/dialog/dialog.css
2019/09/17 18:22:52.044 [1;44m[D][0m [server.go:2802]  |            ::1|[90;47m 304 [0m|     33.871µs|   match|[97;44m GET     [0m /static/editor.md/lib/codemirror/addon/search/matchesonscrollbar.css
2019/09/17 18:22:52.047 [1;44m[D][0m [server.go:2802]  |            ::1|[90;47m 304 [0m|     59.751µs|   match|[97;44m GET     [0m /static/editor.md/lib/codemirror/codemirror.min.js
2019/09/17 18:22:52.050 [1;44m[D][0m [server.go:2802]  |            ::1|[90;47m 304 [0m|     57.913µs|   match|[97;44m GET     [0m /static/editor.md/images/loading.gif
2019/09/17 18:22:52.074 [1;44m[D][0m [server.go:2802]  |            ::1|[90;47m 304 [0m|     29.242µs|   match|[97;44m GET     [0m /static/editor.md/lib/codemirror/modes.min.js
2019/09/17 18:22:52.090 [1;44m[D][0m [server.go:2802]  |            ::1|[90;47m 304 [0m|     31.542µs|   match|[97;44m GET     [0m /static/editor.md/lib/codemirror/addons.min.js
admin
2019/09/17 18:22:57.886 [1;44m[D][0m [server.go:2802]  |            ::1|[97;42m 200 [0m|    2.74634ms|   match|[97;44m GET     [0m /admin/list   r:/admin/list/*
admin
[ORM]2019/09/17 18:22:57  -[Queries/default] - [  OK / db.QueryRow /     0.8ms] - [SELECT COUNT(*) FROM `pp_uc_admin` T0 ]
[ORM]2019/09/17 18:22:57  -[Queries/default] - [  OK /    db.Query /     0.9ms] - [SELECT T0.`id`, T0.`login_name`, T0.`real_name`, T0.`password`, T0.`role_ids`, T0.`phone`, T0.`email`, T0.`salt`, T0.`last_login`, T0.`last_ip`, T0.`status`, T0.`create_id`, T0.`update_id`, T0.`create_time`, T0.`update_time` FROM `pp_uc_admin` T0 ORDER BY T0.`id` DESC LIMIT 10]
user
[ORM]2019/09/17 18:23:01  -[Queries/default] - [  OK /    db.Query /     0.2ms] - [SELECT T0.`id`, T0.`login_name`, T0.`real_name`, T0.`password`, T0.`role_ids`, T0.`phone`, T0.`email`, T0.`salt`, T0.`last_login`, T0.`last_ip`, T0.`status`, T0.`create_id`, T0.`update_id`, T0.`create_time`, T0.`update_time` FROM `pp_uc_admin` T0 WHERE T0.`id` = ? LIMIT 1] - `1`
2019/09/17 18:23:01.263 [1;44m[D][0m [server.go:2802]  |            ::1|[97;42m 200 [0m|   2.378286ms|   match|[97;44m GET     [0m /user/edit   r:/user/edit/*
2019/09/17 18:23:01.278 [1;44m[D][0m [server.go:2802]  |            ::1|[90;47m 304 [0m|      31.37µs|   match|[97;44m GET     [0m /static/layui/css/layui.css
2019/09/17 18:23:01.278 [1;44m[D][0m [server.go:2802]  |            ::1|[90;47m 304 [0m|     16.382µs|   match|[97;44m GET     [0m /static/layui/layui.js
2019/09/17 18:23:01.278 [1;44m[D][0m [server.go:2802]  |            ::1|[90;47m 304 [0m|     15.247µs|   match|[97;44m GET     [0m /static/font-awesome/css/font-awesome.min.css
2019/09/17 18:23:01.278 [1;44m[D][0m [server.go:2802]  |            ::1|[90;47m 304 [0m|       15.6µs|   match|[97;44m GET     [0m /static/css/main.css
2019/09/17 18:23:01.293 [1;44m[D][0m [server.go:2802]  |            ::1|[90;47m 304 [0m|     31.511µs|   match|[97;44m GET     [0m /static/layui/lay/modules/form.js
2019/09/17 18:23:01.304 [1;44m[D][0m [server.go:2802]  |            ::1|[90;47m 304 [0m|     33.482µs|   match|[97;44m GET     [0m /static/layui/lay/modules/layer.js
2019/09/17 18:23:01.315 [1;44m[D][0m [server.go:2802]  |            ::1|[90;47m 304 [0m|     52.768µs|   match|[97;44m GET     [0m /static/layui/css/modules/layer/default/layer.css
2019/09/17 18:23:01.318 [1;44m[D][0m [server.go:2802]  |            ::1|[90;47m 304 [0m|     36.316µs|   match|[97;44m GET     [0m /static/layui/lay/modules/jquery.js
2019/09/17 18:23:01.340 [1;44m[D][0m [server.go:2802]  |            ::1|[90;47m 304 [0m|     43.138µs|   match|[97;44m GET     [0m /static/layui/lay/modules/element.js
home
[ORM]2019/09/17 18:23:17  -[Queries/default] - [  OK /    db.Query /     0.2ms] - [SELECT T0.`id`, T0.`login_name`, T0.`real_name`, T0.`password`, T0.`role_ids`, T0.`phone`, T0.`email`, T0.`salt`, T0.`last_login`, T0.`last_ip`, T0.`status`, T0.`create_id`, T0.`update_id`, T0.`create_time`, T0.`update_time` FROM `pp_uc_admin` T0 WHERE T0.`id` = ? LIMIT 1] - `1`
2019/09/17 18:23:17.862 [1;44m[D][0m [server.go:2802]  |            ::1|[97;42m 200 [0m|   1.658115ms|   match|[97;44m GET     [0m /home   r:/home
2019/09/17 18:23:17.883 [1;44m[D][0m [server.go:2802]  |            ::1|[90;47m 304 [0m|     34.544µs|   match|[97;44m GET     [0m /static/css/app.css
2019/09/17 18:23:17.888 [1;44m[D][0m [server.go:2802]  |            ::1|[90;47m 304 [0m|     30.577µs|   match|[97;44m GET     [0m /static/img/userface.jpg
2019/09/17 18:23:17.922 [1;44m[D][0m [server.go:2802]  |            ::1|[90;47m 304 [0m|     29.935µs|   match|[97;44m GET     [0m /static/js/app.js
2019/09/17 18:23:17.954 [1;44m[D][0m [server.go:2802]  |            ::1|[90;47m 304 [0m|     25.946µs|   match|[97;44m GET     [0m /static/font-awesome/fonts/fontawesome-webfont.woff2
2019/09/17 18:23:18.153 [1;44m[D][0m [server.go:2802]  |            ::1|[90;47m 304 [0m|     34.686µs|   match|[97;44m GET     [0m /static/layui/lay/modules/table.js
2019/09/17 18:23:18.157 [1;44m[D][0m [server.go:2802]  |            ::1|[90;47m 304 [0m|     26.749µs|   match|[97;44m GET     [0m /static/layui/lay/modules/laytpl.js
2019/09/17 18:23:18.173 [1;44m[D][0m [server.go:2802]  |            ::1|[90;47m 304 [0m|      37.46µs|   match|[97;44m GET     [0m /static/layui/lay/modules/laypage.js
2019/09/17 18:23:18.202 [1;44m[D][0m [server.go:2802]  |            ::1|[90;47m 304 [0m|     33.188µs|   match|[97;44m GET     [0m /static/js/loader.js
2019/09/17 18:23:18.206 [1;44m[D][0m [server.go:2802]  |            ::1|[90;47m 304 [0m|     33.505µs|   match|[97;44m GET     [0m /static/js/nprogress.js
2019/09/17 18:23:18.215 [1;44m[D][0m [server.go:2802]  |            ::1|[90;47m 304 [0m|     61.527µs|   match|[97;44m GET     [0m /static/css/nprogress.css
2019/09/17 18:23:18.215 [1;44m[D][0m [server.go:2802]  |            ::1|[90;47m 304 [0m|      18.85µs|   match|[97;44m GET     [0m /static/js/tab.js
2019/09/17 18:23:18.234 [1;44m[D][0m [server.go:2802]  |            ::1|[90;47m 304 [0m|     23.826µs|   match|[97;44m GET     [0m /static/js/navbar.js
2019/09/17 18:23:18.238 [1;44m[D][0m [server.go:2802]  |            ::1|[90;47m 304 [0m|     28.578µs|   match|[97;44m GET     [0m /static/js/message.js
2019/09/17 18:23:18.247 [1;44m[D][0m [server.go:2802]  |            ::1|[90;47m 304 [0m|      72.76µs|   match|[97;44m GET     [0m /static/css/message.css
home
2019/09/17 18:23:18.254 [1;44m[D][0m [server.go:2802]  |            ::1|[97;42m 200 [0m|    935.676µs|   match|[97;44m GET     [0m /home/start   r:/home/start
2019/09/17 18:23:18.267 [1;44m[D][0m [server.go:2802]  |            ::1|[90;47m 304 [0m|     40.646µs|   match|[97;44m GET     [0m /static/layui/font/iconfont.woff
user
[ORM]2019/09/17 18:23:34  -[Queries/default] - [  OK /    db.Query /     0.3ms] - [SELECT T0.`id`, T0.`login_name`, T0.`real_name`, T0.`password`, T0.`role_ids`, T0.`phone`, T0.`email`, T0.`salt`, T0.`last_login`, T0.`last_ip`, T0.`status`, T0.`create_id`, T0.`update_id`, T0.`create_time`, T0.`update_time` FROM `pp_uc_admin` T0 WHERE T0.`id` = ? LIMIT 1] - `1`
2019/09/17 18:23:34.616 [1;44m[D][0m [server.go:2802]  |            ::1|[97;42m 200 [0m|   3.842632ms|   match|[97;44m GET     [0m /user/edit   r:/user/edit/*
2019/09/17 18:23:34.635 [1;44m[D][0m [server.go:2802]  |            ::1|[90;47m 304 [0m|      37.88µs|   match|[97;44m GET     [0m /static/layui/css/layui.css
2019/09/17 18:23:34.635 [1;44m[D][0m [server.go:2802]  |            ::1|[90;47m 304 [0m|      17.28µs|   match|[97;44m GET     [0m /static/css/main.css
2019/09/17 18:23:34.635 [1;44m[D][0m [server.go:2802]  |            ::1|[90;47m 304 [0m|     24.782µs|   match|[97;44m GET     [0m /static/font-awesome/css/font-awesome.min.css
2019/09/17 18:23:34.635 [1;44m[D][0m [server.go:2802]  |            ::1|[90;47m 304 [0m|      15.84µs|   match|[97;44m GET     [0m /static/layui/layui.js
2019/09/17 18:23:34.654 [1;44m[D][0m [server.go:2802]  |            ::1|[90;47m 304 [0m|     41.077µs|   match|[97;44m GET     [0m /static/layui/lay/modules/form.js
2019/09/17 18:23:34.670 [1;44m[D][0m [server.go:2802]  |            ::1|[90;47m 304 [0m|     31.177µs|   match|[97;44m GET     [0m /static/layui/lay/modules/layer.js
2019/09/17 18:23:34.679 [1;44m[D][0m [server.go:2802]  |            ::1|[90;47m 304 [0m|     36.135µs|   match|[97;44m GET     [0m /static/layui/css/modules/layer/default/layer.css
2019/09/17 18:23:34.681 [1;44m[D][0m [server.go:2802]  |            ::1|[90;47m 304 [0m|    172.806µs|   match|[97;44m GET     [0m /static/layui/lay/modules/jquery.js
2019/09/17 18:23:34.710 [1;44m[D][0m [server.go:2802]  |            ::1|[90;47m 304 [0m|     40.046µs|   match|[97;44m GET     [0m /static/layui/lay/modules/element.js
login
[ORM]2019/09/17 18:23:53  -[Queries/default] - [  OK /    db.Query /     0.2ms] - [SELECT T0.`id`, T0.`login_name`, T0.`real_name`, T0.`password`, T0.`role_ids`, T0.`phone`, T0.`email`, T0.`salt`, T0.`last_login`, T0.`last_ip`, T0.`status`, T0.`create_id`, T0.`update_id`, T0.`create_time`, T0.`update_time` FROM `pp_uc_admin` T0 WHERE T0.`id` = ? LIMIT 1] - `1`
login
2019/09/17 18:23:53.240 [1;44m[D][0m [server.go:2802]  |            ::1|[97;42m 200 [0m|   1.223299ms|   match|[97;44m GET     [0m /login   r:/login
2019/09/17 18:23:53.262 [1;44m[D][0m [server.go:2802]  |            ::1|[90;47m 304 [0m|     36.484µs|   match|[97;44m GET     [0m /static/layui/css/layui.css
2019/09/17 18:23:53.265 [1;44m[D][0m [server.go:2802]  |            ::1|[90;47m 304 [0m|      48.07µs|   match|[97;44m GET     [0m /static/css/login.css
2019/09/17 18:23:53.271 [1;44m[D][0m [server.go:2802]  |            ::1|[90;47m 304 [0m|       28.5µs|   match|[97;44m GET     [0m /static/layui/layui.js
2019/09/17 18:23:53.286 [1;44m[D][0m [server.go:2802]  |            ::1|[90;47m 304 [0m|     26.872µs|   match|[97;44m GET     [0m /static/img/login-bg.jpg
login
2019/09/17 18:23:57.748 [1;44m[D][0m [server.go:2802]  |            ::1|[97;42m 200 [0m|    817.264µs|   match|[97;44m GET     [0m /login   r:/login
login
2019/09/17 18:23:58.315 [1;44m[D][0m [server.go:2802]  |            ::1|[97;42m 200 [0m|     1.6439ms|   match|[97;44m GET     [0m /login   r:/login
login
2019/09/17 18:24:02.177 [1;44m[D][0m [server.go:2802]  |            ::1|[97;42m 200 [0m|    810.254µs|   match|[97;44m GET     [0m /login   r:/login
2019/09/18 17:06:29.318 [1;34m[I][0m [asm_amd64.s:1357]  http server Running on http://:8081
apidoc
[ORM]2019/09/18 17:06:53  -[Queries/default] - [  OK / db.QueryRow /    29.7ms] - [SELECT COUNT(*) FROM `pp_set_group` T0 WHERE T0.`status` = ? ] - `1`
[ORM]2019/09/18 17:06:53  -[Queries/default] - [  OK /    db.Query /     0.4ms] - [SELECT T0.`id`, T0.`group_name`, T0.`detail`, T0.`api_public_ids`, T0.`code_ids`, T0.`env_ids`, T0.`status`, T0.`create_id`, T0.`update_id`, T0.`create_time`, T0.`update_time` FROM `pp_set_group` T0 WHERE T0.`status` = ? ORDER BY T0.`id` DESC LIMIT 1000] - `1`
[ORM]2019/09/18 17:06:53  -[Queries/default] - [  OK /    db.Query /     0.3ms] - [SELECT T0.`id`, T0.`group_name`, T0.`detail`, T0.`api_public_ids`, T0.`code_ids`, T0.`env_ids`, T0.`status`, T0.`create_id`, T0.`update_id`, T0.`create_time`, T0.`update_time` FROM `pp_set_group` T0 WHERE T0.`id` = ? LIMIT 1] - `1`
[ORM]2019/09/18 17:06:53  -[Queries/default] - [  OK /    db.Query /     1.1ms] - [SELECT * FROM pp_api_public WHERE id in(1,2,3)]
[ORM]2019/09/18 17:06:53  -[Queries/default] - [  OK /    db.Query /     1.1ms] - [SELECT id,source_name FROM pp_api_source WHERE group_id=?] - `1`
[ORM]2019/09/18 17:06:53  -[Queries/default] - [  OK /    db.Query /     1.3ms] - [SELECT id,method,api_name FROM pp_api_detail WHERE source_id=? AND status=3] - `4`
[ORM]2019/09/18 17:06:53  -[Queries/default] - [  OK /    db.Query /     0.1ms] - [SELECT id,method,api_name FROM pp_api_detail WHERE source_id=? AND status=3] - `5`
2019/09/18 17:06:53.648 [1;44m[D][0m [server.go:2802]  |            ::1|[97;42m 200 [0m|  53.695924ms|   match|[97;44m GET     [0m /     r:/
2019/09/18 17:06:53.677 [1;44m[D][0m [server.go:2802]  |            ::1|[90;47m 304 [0m|   5.353537ms|   match|[97;44m GET     [0m /static/img/logo_white.png
2019/09/18 17:06:53.681 [1;44m[D][0m [server.go:2802]  |            ::1|[90;47m 304 [0m|   8.751101ms|   match|[97;44m GET     [0m /static/img/logo.png
2019/09/18 17:06:53.682 [1;44m[D][0m [server.go:2802]  |            ::1|[97;42m 200 [0m|  14.238671ms|   match|[97;44m GET     [0m /static/css/apidoc.css
2019/09/18 17:06:53.683 [1;44m[D][0m [server.go:2802]  |            ::1|[97;42m 200 [0m|    15.9045ms|   match|[97;44m GET     [0m /static/layui/css/layui.css
2019/09/18 17:06:53.696 [1;44m[D][0m [server.go:2802]  |            ::1|[97;42m 200 [0m|  28.153644ms|   match|[97;44m GET     [0m /static/font-awesome/css/font-awesome.min.css
2019/09/18 17:06:53.696 [1;44m[D][0m [server.go:2802]  |            ::1|[90;47m 304 [0m|   8.457191ms|   match|[97;44m GET     [0m /static/layui/layui.js
2019/09/18 17:06:53.737 [1;44m[D][0m [server.go:2802]  |            ::1|[97;42m 200 [0m|   3.540648ms|   match|[97;44m GET     [0m /static/font-awesome/fonts/fontawesome-webfont.woff2
2019/09/18 17:06:53.755 [1;44m[D][0m [server.go:2802]  |            ::1|[90;47m 304 [0m|   9.067347ms|   match|[97;44m GET     [0m /static/layui/lay/modules/element.js
2019/09/18 17:06:53.776 [1;44m[D][0m [server.go:2802]  |            ::1|[97;42m 200 [0m|    9.57284ms|   match|[97;44m GET     [0m /static/layui/lay/modules/jquery.js
2019/09/18 17:06:53.817 [1;44m[D][0m [server.go:2802]  |            ::1|[90;47m 304 [0m|   7.918675ms|   match|[97;44m GET     [0m /static/layui/lay/modules/layer.js
2019/09/18 17:06:53.850 [1;44m[D][0m [server.go:2802]  |            ::1|[90;47m 304 [0m|   8.512569ms|   match|[97;44m GET     [0m /static/layui/lay/modules/form.js
2019/09/18 17:06:53.851 [1;44m[D][0m [server.go:2802]  |            ::1|[90;47m 304 [0m|   9.198318ms|   match|[97;44m GET     [0m /static/layui/css/modules/layer/default/layer.css
2019/09/18 17:06:53.889 [1;44m[D][0m [server.go:2802]  |            ::1|[97;43m 404 [0m|    115.983µs| nomatch|[97;44m GET     [0m /favicon.ico
apidoc
[ORM]2019/09/18 17:06:55  -[Queries/default] - [  OK /    db.Query /     0.5ms] - [SELECT T0.`id`, T0.`api_public_name`, T0.`detail`, T0.`sort`, T0.`status`, T0.`create_id`, T0.`update_id`, T0.`create_time`, T0.`update_time` FROM `pp_api_public` T0 WHERE T0.`id` = ? AND T0.`status` = ? LIMIT 1] - `1`, `1`
2019/09/18 17:06:55.943 [1;44m[D][0m [server.go:2802]  |            ::1|[97;42m 200 [0m|   2.533122ms|   match|[97;44m GET     [0m /apidoc/public   r:/apidoc/public/*
2019/09/18 17:06:55.952 [1;44m[D][0m [server.go:2802]  |            ::1|[97;42m 200 [0m|   2.654368ms|   match|[97;44m GET     [0m /static/editor.md/css/editormd.min.css
2019/09/18 17:06:55.954 [1;44m[D][0m [server.go:2802]  |            ::1|[97;42m 200 [0m|   2.672575ms|   match|[97;44m GET     [0m /static/js/jquery.min.js
2019/09/18 17:06:55.972 [1;44m[D][0m [server.go:2802]  |            ::1|[97;42m 200 [0m|   1.601886ms|   match|[97;44m GET     [0m /static/editor.md/editormd.js
2019/09/18 17:06:55.991 [1;44m[D][0m [server.go:2802]  |            ::1|[90;47m 304 [0m|   9.471845ms|   match|[97;44m GET     [0m /static/editor.md/lib/marked.min.js
2019/09/18 17:06:56.012 [1;44m[D][0m [server.go:2802]  |            ::1|[90;47m 304 [0m|    8.20225ms|   match|[97;44m GET     [0m /static/editor.md/lib/prettify.min.js
2019/09/18 17:06:56.030 [1;44m[D][0m [server.go:2802]  |            ::1|[97;42m 200 [0m|    868.963µs|   match|[97;44m GET     [0m /static/editor.md/lib/raphael.min.js
2019/09/18 17:06:56.052 [1;44m[D][0m [server.go:2802]  |            ::1|[90;47m 304 [0m|   7.916325ms|   match|[97;44m GET     [0m /static/editor.md/lib/underscore.min.js
2019/09/18 17:06:56.069 [1;44m[D][0m [server.go:2802]  |            ::1|[97;42m 200 [0m|    3.20302ms|   match|[97;44m GET     [0m /static/editor.md/lib/sequence-diagram.min.js
2019/09/18 17:06:56.090 [1;44m[D][0m [server.go:2802]  |            ::1|[90;47m 304 [0m|   8.008716ms|   match|[97;44m GET     [0m /static/editor.md/lib/flowchart.min.js
2019/09/18 17:06:56.110 [1;44m[D][0m [server.go:2802]  |            ::1|[90;47m 304 [0m|   7.918312ms|   match|[97;44m GET     [0m /static/editor.md/lib/jquery.flowchart.min.js
2019/09/18 17:06:56.187 [1;44m[D][0m [server.go:2802]  |            ::1|[97;42m 200 [0m|   9.336819ms|   match|[97;44m GET     [0m /static/editor.md/fonts/fontawesome-webfont.woff2
home
login
2019/09/18 17:06:56.846 [1;44m[D][0m [server.go:2802]  |            ::1|[97;42m 200 [0m|    645.544µs|   match|[97;44m GET     [0m /login   r:/login
2019/09/18 17:06:56.858 [1;44m[D][0m [server.go:2802]  |            ::1|[97;42m 200 [0m|    121.144µs|   match|[97;44m GET     [0m /static/layui/css/layui.css
2019/09/18 17:06:56.866 [1;44m[D][0m [server.go:2802]  |            ::1|[90;47m 304 [0m|   3.888465ms|   match|[97;44m GET     [0m /static/css/login.css
2019/09/18 17:06:56.866 [1;44m[D][0m [server.go:2802]  |            ::1|[90;47m 304 [0m|   3.863364ms|   match|[97;44m GET     [0m /static/layui/layui.js
2019/09/18 17:06:56.885 [1;44m[D][0m [server.go:2802]  |            ::1|[97;42m 200 [0m|      5.844ms|   match|[97;44m GET     [0m /static/img/login-bg.jpg
2019/09/18 17:06:56.917 [1;44m[D][0m [server.go:2802]  |            ::1|[97;43m 404 [0m|    152.538µs| nomatch|[97;44m GET     [0m /static/img/favicon.ico
login
[ORM]2019/09/18 17:07:07  -[Queries/default] - [  OK /    db.Query /     9.4ms] - [SELECT T0.`id`, T0.`login_name`, T0.`real_name`, T0.`password`, T0.`role_ids`, T0.`phone`, T0.`email`, T0.`salt`, T0.`last_login`, T0.`last_ip`, T0.`status`, T0.`create_id`, T0.`update_id`, T0.`create_time`, T0.`update_time` FROM `pp_uc_admin` T0 WHERE T0.`login_name` = ? LIMIT 1] - `admin`
&{1 admin 超级管理员 840fa1e5f049c861c7ed245293afcf8d 0 13888888889 haodaquan2008@163.com kmcB 1568715646 [::1] 1 0 0 0 1506128438}
[ORM]2019/09/18 17:07:07  -[Queries/default] - [  OK /     db.Exec /    70.5ms] - [UPDATE `pp_uc_admin` SET `login_name` = ?, `real_name` = ?, `password` = ?, `role_ids` = ?, `phone` = ?, `email` = ?, `salt` = ?, `last_login` = ?, `last_ip` = ?, `status` = ?, `create_id` = ?, `update_id` = ?, `create_time` = ?, `update_time` = ? WHERE `id` = ?] - `admin`, `超级管理员`, `840fa1e5f049c861c7ed245293afcf8d`, `0`, `13888888889`, `haodaquan2008@163.com`, `kmcB`, `1568797627`, `[::1]`, `1`, `0`, `0`, `0`, `1506128438`, `1`
home
[ORM]2019/09/18 17:07:07  -[Queries/default] - [  OK / db.QueryRow /     1.3ms] - [SELECT COUNT(*) FROM `pp_uc_auth` T0 WHERE T0.`status` = ? ] - `1`
[ORM]2019/09/18 17:07:07  -[Queries/default] - [  OK /    db.Query /     0.3ms] - [SELECT T0.`id`, T0.`auth_name`, T0.`auth_url`, T0.`user_id`, T0.`pid`, T0.`sort`, T0.`icon`, T0.`is_show`, T0.`status`, T0.`create_id`, T0.`update_id`, T0.`create_time`, T0.`update_time` FROM `pp_uc_auth` T0 WHERE T0.`status` = ? ORDER BY T0.`pid` ASC, T0.`sort` ASC LIMIT 1000] - `1`
2019/09/18 17:07:07.677 [1;44m[D][0m [server.go:2802]  |            ::1|[97;42m 200 [0m|   3.214648ms|   match|[97;44m GET     [0m /home   r:/home
2019/09/18 17:07:07.701 [1;44m[D][0m [server.go:2802]  |            ::1|[90;47m 304 [0m|   5.823419ms|   match|[97;44m GET     [0m /static/css/app.css
2019/09/18 17:07:07.701 [1;44m[D][0m [server.go:2802]  |            ::1|[90;47m 304 [0m|    2.20489ms|   match|[97;44m GET     [0m /static/img/userface.jpg
2019/09/18 17:07:07.723 [1;44m[D][0m [server.go:2802]  |            ::1|[90;47m 304 [0m|   7.970086ms|   match|[97;44m GET     [0m /static/js/app.js
2019/09/18 17:07:07.791 [1;44m[D][0m [server.go:2802]  |            ::1|[90;47m 304 [0m|   8.134024ms|   match|[97;44m GET     [0m /static/layui/lay/modules/table.js
2019/09/18 17:07:07.810 [1;44m[D][0m [server.go:2802]  |            ::1|[90;47m 304 [0m|   8.072404ms|   match|[97;44m GET     [0m /static/layui/lay/modules/laytpl.js
2019/09/18 17:07:07.826 [1;44m[D][0m [server.go:2802]  |            ::1|[90;47m 304 [0m|   7.932829ms|   match|[97;44m GET     [0m /static/layui/lay/modules/laypage.js
2019/09/18 17:07:07.849 [1;44m[D][0m [server.go:2802]  |            ::1|[90;47m 304 [0m|    7.97102ms|   match|[97;44m GET     [0m /static/js/loader.js
2019/09/18 17:07:07.866 [1;44m[D][0m [server.go:2802]  |            ::1|[90;47m 304 [0m|   8.017948ms|   match|[97;44m GET     [0m /static/js/nprogress.js
2019/09/18 17:07:07.878 [1;44m[D][0m [server.go:2802]  |            ::1|[90;47m 304 [0m|     661.23µs|   match|[97;44m GET     [0m /static/css/nprogress.css
2019/09/18 17:07:07.886 [1;44m[D][0m [server.go:2802]  |            ::1|[90;47m 304 [0m|   7.666682ms|   match|[97;44m GET     [0m /static/js/tab.js
2019/09/18 17:07:07.905 [1;44m[D][0m [server.go:2802]  |            ::1|[90;47m 304 [0m|   8.182468ms|   match|[97;44m GET     [0m /static/js/navbar.js
2019/09/18 17:07:07.924 [1;44m[D][0m [server.go:2802]  |            ::1|[90;47m 304 [0m|   8.018896ms|   match|[97;44m GET     [0m /static/js/message.js
home
2019/09/18 17:07:07.933 [1;44m[D][0m [server.go:2802]  |            ::1|[97;42m 200 [0m|   1.125147ms|   match|[97;44m GET     [0m /home/start   r:/home/start
2019/09/18 17:07:07.940 [1;44m[D][0m [server.go:2802]  |            ::1|[90;47m 304 [0m|   7.761292ms|   match|[97;44m GET     [0m /static/css/message.css
2019/09/18 17:07:07.943 [1;44m[D][0m [server.go:2802]  |            ::1|[97;42m 200 [0m|   4.926806ms|   match|[97;44m GET     [0m /static/layui/font/iconfont.woff
2019/09/18 17:07:07.972 [1;44m[D][0m [server.go:2802]  |            ::1|[90;47m 304 [0m|    7.22969ms|   match|[97;44m GET     [0m /static/css/main.css
home
2019/09/18 17:07:18.841 [1;44m[D][0m [server.go:2802]  |            ::1|[97;42m 200 [0m|   1.236514ms|   match|[97;44m GET     [0m /home   r:/home
home
2019/09/18 17:07:18.943 [1;44m[D][0m [server.go:2802]  |            ::1|[97;42m 200 [0m|    834.396µs|   match|[97;44m GET     [0m /home/start   r:/home/start
api
2019/09/18 17:07:21.290 [1;44m[D][0m [server.go:2802]  |            ::1|[97;42m 200 [0m|    918.745µs|   match|[97;44m GET     [0m /api/list   r:/api/list/*
2019/09/18 17:07:21.309 [1;44m[D][0m [server.go:2802]  |            ::1|[90;47m 304 [0m|    8.00797ms|   match|[97;44m GET     [0m /static/css/api.css
api
[ORM]2019/09/18 17:07:21  -[Queries/default] - [  OK / db.QueryRow /     0.2ms] - [SELECT COUNT(*) FROM `pp_set_group` T0 WHERE T0.`status` = ? ] - `1`
[ORM]2019/09/18 17:07:21  -[Queries/default] - [  OK /    db.Query /     0.1ms] - [SELECT T0.`id`, T0.`group_name`, T0.`detail`, T0.`api_public_ids`, T0.`code_ids`, T0.`env_ids`, T0.`status`, T0.`create_id`, T0.`update_id`, T0.`create_time`, T0.`update_time` FROM `pp_set_group` T0 WHERE T0.`status` = ? ORDER BY T0.`id` DESC LIMIT 1000] - `1`
[ORM]2019/09/18 17:07:21  -[Queries/default] - [  OK / db.QueryRow /     1.0ms] - [SELECT COUNT(*) FROM `pp_api_source` T0 WHERE T0.`status` = ? ] - `1`
[ORM]2019/09/18 17:07:21  -[Queries/default] - [  OK /    db.Query /     0.5ms] - [SELECT T0.`id`, T0.`group_id`, T0.`source_name`, T0.`status`, T0.`create_id`, T0.`audit_id`, T0.`update_id`, T0.`create_time`, T0.`update_time`, T0.`audit_time` FROM `pp_api_source` T0 WHERE T0.`status` = ? ORDER BY T0.`id` DESC LIMIT 1000] - `1`
[ORM]2019/09/18 17:07:21  -[Queries/default] - [  OK / db.QueryRow /     0.2ms] - [SELECT COUNT(*) FROM `pp_api_detail` T0 WHERE T0.`status` IN (?, ?, ?, ?, ?) ] - `0`, `1`, `2`, `3`, `4`
[ORM]2019/09/18 17:07:21  -[Queries/default] - [  OK /    db.Query /     0.2ms] - [SELECT T0.`id`, T0.`source_id`, T0.`method`, T0.`api_name`, T0.`api_url`, T0.`detail`, T0.`status`, T0.`create_id`, T0.`audit_id`, T0.`update_id`, T0.`create_time`, T0.`update_time`, T0.`audit_time` FROM `pp_api_detail` T0 WHERE T0.`status` IN (?, ?, ?, ?, ?) ORDER BY T0.`id` DESC LIMIT 10] - `0`, `1`, `2`, `3`, `4`
apisource
2019/09/18 17:07:21.938 [1;44m[D][0m [server.go:2802]  |            ::1|[97;42m 200 [0m|   4.082521ms|   match|[97;44m GET     [0m /apisource/list   r:/apisource/list/*
apisource
[ORM]2019/09/18 17:07:21  -[Queries/default] - [  OK / db.QueryRow /     0.2ms] - [SELECT COUNT(*) FROM `pp_set_group` T0 WHERE T0.`status` = ? ] - `1`
[ORM]2019/09/18 17:07:21  -[Queries/default] - [  OK /    db.Query /     0.1ms] - [SELECT T0.`id`, T0.`group_name`, T0.`detail`, T0.`api_public_ids`, T0.`code_ids`, T0.`env_ids`, T0.`status`, T0.`create_id`, T0.`update_id`, T0.`create_time`, T0.`update_time` FROM `pp_set_group` T0 WHERE T0.`status` = ? ORDER BY T0.`id` DESC LIMIT 1000] - `1`
[ORM]2019/09/18 17:07:21  -[Queries/default] - [  OK / db.QueryRow /     0.1ms] - [SELECT COUNT(*) FROM `pp_api_source` T0 WHERE T0.`status` = ? ] - `1`
[ORM]2019/09/18 17:07:21  -[Queries/default] - [  OK /    db.Query /     0.2ms] - [SELECT T0.`id`, T0.`group_id`, T0.`source_name`, T0.`status`, T0.`create_id`, T0.`audit_id`, T0.`update_id`, T0.`create_time`, T0.`update_time`, T0.`audit_time` FROM `pp_api_source` T0 WHERE T0.`status` = ? ORDER BY T0.`id` DESC LIMIT 10] - `1`
